{"meta": {"format": 3, "version": "7.14.1", "timestamp": "2026-08-09T21:54:31.522231", "branch_coverage": false, "show_contexts": false}, "files": {"apps/api/src/nfm_db/__init__.py": {"executed_lines": [], "summary": {"covered_lines": 0, "num_statements": 0, "percent_covered": 100.0, "percent_covered_display": "100", "missing_lines": 0, "excluded_lines": 0, "percent_statements_covered": 100.0, "percent_statements_covered_display": "100"}, "missing_lines": [], "excluded_lines": [], "functions": {"": {"executed_lines": [], "summary": {"covered_lines": 0, "num_statements": 0, "percent_covered": 100.0, "percent_covered_display": "100", "missing_lines": 0, "excluded_lines": 0, "percent_statements_covered": 100.0, "percent_statements_covered_display": "100"}, "missing_lines": [], "excluded_lines": [], "start_line": 1}}, "classes": {"": {"executed_lines": [], "summary": {"covered_lines": 0, "num_statements": 0, "percent_covered": 100.0, "percent_covered_display": "100", "missing_lines": 0, "excluded_lines": 0, "percent_statements_covered": 100.0, "percent_statements_covered_display": "100"}, "missing_lines": [], "excluded_lines": [], "start_line": 1}}}, "apps/api/src/nfm_db/api/__init__.py": {"executed_lines": [], "summary": {"covered_lines": 0, "num_statements": 0, "percent_covered": 100.0, "percent_covered_display": "100", "missing_lines": 0, "excluded_lines": 0, "percent_statements_covered": 100.0, "percent_statements_covered_display": "100"}, "missing_lines": [], "excluded_lines": [], "functions": {"": {"executed_lines": [], "summary": {"covered_lines": 0, "num_statements": 0, "percent_covered": 100.0, "percent_covered_display": "100", "missing_lines": 0, "excluded_lines": 0, "percent_statements_covered": 100.0, "percent_statements_covered_display": "100"}, "missing_lines": [], "excluded_lines": [], "start_line": 1}}, "classes": {"": {"executed_lines": [], "summary": {"covered_lines": 0, "num_statements": 0, "percent_covered": 100.0, "percent_covered_display": "100", "missing_lines": 0, "excluded_lines": 0, "percent_statements_covered": 100.0, "percent_statements_covered_display": "100"}, "missing_lines": [], "excluded_lines": [], "start_line": 1}}}, "apps/api/src/nfm_db/api/admin/__init__.py": {"executed_lines": [7, 9], "summary": {"covered_lines": 2, "num_statements": 2, "percent_covered": 100.0, "percent_covered_display": "100", "missing_lines": 0, "excluded_lines": 0, "percent_statements_covered": 100.0, "percent_statements_covered_display": "100"}, "missing_lines": [], "excluded_lines": [], "functions": {"": {"executed_lines": [7, 9], "summary": {"covered_lines": 2, "num_statements": 2, "percent_covered": 100.0, "percent_covered_display": "100", "missing_lines": 0, "excluded_lines": 0, "percent_statements_covered": 100.0, "percent_statements_covered_display": "100"}, "missing_lines": [], "excluded_lines": [], "start_line": 1}}, "classes": {"": {"executed_lines": [7, 9], "summary": {"covered_lines": 2, "num_statements": 2, "percent_covered": 100.0, "percent_covered_display": "100", "missing_lines": 0, "excluded_lines": 0, "percent_statements_covered": 100.0, "percent_statements_covered_display": "100"}, "missing_lines": [], "excluded_lines": [], "start_line": 1}}}, "apps/api/src/nfm_db/api/admin/health.py": {"executed_lines": [7, 8, 10, 11, 13, 14, 15, 16, 17, 18, 19, 21, 24, 36, 37], "summary": {"covered_lines": 15, "num_statements": 17, "percent_covered": 88.23529411764706, "percent_covered_display": "88", "missing_lines": 2, "excluded_lines": 0, "percent_statements_covered": 88.23529411764706, "percent_statements_covered_display": "88"}, "missing_lines": [50, 51], "excluded_lines": [], "functions": {"admin_health_alerts": {"executed_lines": [], "summary": {"covered_lines": 0, "num_statements": 2, "percent_covered": 0.0, "percent_covered_display": "0", "missing_lines": 2, "excluded_lines": 0, "percent_statements_covered": 0.0, "percent_statements_covered_display": "0"}, "missing_lines": [50, 51], "excluded_lines": [], "start_line": 37}, "": {"executed_lines": [7, 8, 10, 11, 13, 14, 15, 16, 17, 18, 19, 21, 24, 36, 37], "summary": {"covered_lines": 15, "num_statements": 15, "percent_covered": 100.0, "percent_covered_display": "100", "missing_lines": 0, "excluded_lines": 0, "percent_statements_covered": 100.0, "percent_statements_covered_display": "100"}, "missing_lines": [], "excluded_lines": [], "start_line": 1}}, "classes": {"": {"executed_lines": [7, 8, 10, 11, 13, 14, 15, 16, 17, 18, 19, 21, 24, 36, 37], "summary": {"covered_lines": 15, "num_statements": 17, "percent_covered": 88.23529411764706, "percent_covered_display": "88", "missing_lines": 2, "excluded_lines": 0, "percent_statements_covered": 88.23529411764706, "percent_statements_covered_display": "88"}, "missing_lines": [50, 51], "excluded_lines": [], "start_line": 1}}}, "apps/api/src/nfm_db/api/v1/__init__.py": {"executed_lines": [3, 28], "summary": {"covered_lines": 2, "num_statements": 2, "percent_covered": 100.0, "percent_covered_display": "100", "missing_lines": 0, "excluded_lines": 0, "percent_statements_covered": 100.0, "percent_statements_covered_display": "100"}, "missing_lines": [], "excluded_lines": [], "functions": {"": {"executed_lines": [3, 28], "summary": {"covered_lines": 2, "num_statements": 2, "percent_covered": 100.0, "percent_covered_display": "100", "missing_lines": 0, "excluded_lines": 0, "percent_statements_covered": 100.0, "percent_statements_covered_display": "100"}, "missing_lines": [], "excluded_lines": [], "start_line": 1}}, "classes": {"": {"executed_lines": [3, 28], "summary": {"covered_lines": 2, "num_statements": 2, "percent_covered": 100.0, "percent_covered_display": "100", "missing_lines": 0, "excluded_lines": 0, "percent_statements_covered": 100.0, "percent_statements_covered_display": "100"}, "missing_lines": [], "excluded_lines": [], "start_line": 1}}}, "apps/api/src/nfm_db/api/v1/auth.py": {"executed_lines": [3, 4, 6, 7, 8, 9, 11, 12, 18, 24, 27, 83, 95, 98, 111, 116, 121, 123, 126, 159, 174, 248, 266, 303, 307, 308, 309, 310, 312], "summary": {"covered_lines": 29, "num_statements": 93, "percent_covered": 31.182795698924732, "percent_covered_display": "31", "missing_lines": 64, "excluded_lines": 1, "percent_statements_covered": 31.182795698924732, "percent_statements_covered_display": "31"}, "missing_lines": [37, 40, 41, 43, 44, 48, 50, 51, 56, 57, 58, 63, 64, 65, 66, 71, 72, 74, 75, 80, 87, 88, 92, 112, 117, 129, 139, 140, 144, 145, 149, 151, 165, 166, 167, 168, 169, 170, 171, 203, 208, 209, 211, 212, 217, 218, 219, 227, 232, 237, 239, 272, 274, 275, 276, 277, 278, 282, 283, 284, 293, 296, 297, 301], "excluded_lines": [175], "functions": {"get_current_user": {"executed_lines": [], "summary": {"covered_lines": 0, "num_statements": 20, "percent_covered": 0.0, "percent_covered_display": "0", "missing_lines": 20, "excluded_lines": 0, "percent_statements_covered": 0.0, "percent_statements_covered_display": "0"}, "missing_lines": [37, 40, 41, 43, 44, 48, 50, 51, 56, 57, 58, 63, 64, 65, 66, 71, 72, 74, 75, 80], "excluded_lines": [], "start_line": 27}, "get_current_active_user": {"executed_lines": [], "summary": {"covered_lines": 0, "num_statements": 3, "percent_covered": 0.0, "percent_covered_display": "0", "missing_lines": 3, "excluded_lines": 0, "percent_statements_covered": 0.0, "percent_statements_covered_display": "0"}, "missing_lines": [87, 88, 92], "excluded_lines": [], "start_line": 83}, "require_blog_role": {"executed_lines": [98, 123], "summary": {"covered_lines": 2, "num_statements": 2, "percent_covered": 100.0, "percent_covered_display": "100", "missing_lines": 0, "excluded_lines": 0, "percent_statements_covered": 100.0, "percent_statements_covered_display": "100"}, "missing_lines": [], "excluded_lines": [], "start_line": 95}, "require_blog_role.check_role": {"executed_lines": [111, 116, 121], "summary": {"covered_lines": 3, "num_statements": 5, "percent_covered": 60.0, "percent_covered_display": "60", "missing_lines": 2, "excluded_lines": 0, "percent_statements_covered": 60.0, "percent_statements_covered_display": "60"}, "missing_lines": [112, 117], "excluded_lines": [], "start_line": 98}, "require_permission": {"executed_lines": [], "summary": {"covered_lines": 0, "num_statements": 2, "percent_covered": 0.0, "percent_covered_display": "0", "missing_lines": 2, "excluded_lines": 0, "percent_statements_covered": 0.0, "percent_statements_covered_display": "0"}, "missing_lines": [129, 151], "excluded_lines": [], "start_line": 126}, "require_permission.check_permission": {"executed_lines": [], "summary": {"covered_lines": 0, "num_statements": 5, "percent_covered": 0.0, "percent_covered_display": "0", "missing_lines": 5, "excluded_lines": 0, "percent_statements_covered": 0.0, "percent_statements_covered_display": "0"}, "missing_lines": [139, 140, 144, 145, 149], "excluded_lines": [], "start_line": 129}, "_extract_bearer_token": {"executed_lines": [], "summary": {"covered_lines": 0, "num_statements": 7, "percent_covered": 0.0, "percent_covered_display": "0", "missing_lines": 7, "excluded_lines": 0, "percent_statements_covered": 0.0, "percent_statements_covered_display": "0"}, "missing_lines": [165, 166, 167, 168, 169, 170, 171], "excluded_lines": [], "start_line": 159}, "require_service_scope": {"executed_lines": [], "summary": {"covered_lines": 0, "num_statements": 2, "percent_covered": 0.0, "percent_covered_display": "0", "missing_lines": 2, "excluded_lines": 1, "percent_statements_covered": 0.0, "percent_statements_covered_display": "0"}, "missing_lines": [203, 239], "excluded_lines": [175], "start_line": 174}, "require_service_scope.check_scope": {"executed_lines": [], "summary": {"covered_lines": 0, "num_statements": 10, "percent_covered": 0.0, "percent_covered_display": "0", "missing_lines": 10, "excluded_lines": 0, "percent_statements_covered": 0.0, "percent_statements_covered_display": "0"}, "missing_lines": [208, 209, 211, 212, 217, 218, 219, 227, 232, 237], "excluded_lines": [], "start_line": 203}, "require_ingest_authority": {"executed_lines": [266, 303], "summary": {"covered_lines": 2, "num_statements": 2, "percent_covered": 100.0, "percent_covered_display": "100", "missing_lines": 0, "excluded_lines": 0, "percent_statements_covered": 100.0, "percent_statements_covered_display": "100"}, "missing_lines": [], "excluded_lines": [], "start_line": 248}, "require_ingest_authority.check": {"executed_lines": [], "summary": {"covered_lines": 0, "num_statements": 13, "percent_covered": 0.0, "percent_covered_display": "0", "missing_lines": 13, "excluded_lines": 0, "percent_statements_covered": 0.0, "percent_statements_covered_display": "0"}, "missing_lines": [272, 274, 275, 276, 277, 278, 282, 283, 284, 293, 296, 297, 301], "excluded_lines": [], "start_line": 266}, "": {"executed_lines": [3, 4, 6, 7, 8, 9, 11, 12, 18, 24, 27, 83, 95, 126, 159, 174, 248, 307, 308, 309, 310, 312], "summary": {"covered_lines": 22, "num_statements": 22, "percent_covered": 100.0, "percent_covered_display": "100", "missing_lines": 0, "excluded_lines": 0, "percent_statements_covered": 100.0, "percent_statements_covered_display": "100"}, "missing_lines": [], "excluded_lines": [], "start_line": 1}}, "classes": {"": {"executed_lines": [3, 4, 6, 7, 8, 9, 11, 12, 18, 24, 27, 83, 95, 98, 111, 116, 121, 123, 126, 159, 174, 248, 266, 303, 307, 308, 309, 310, 312], "summary": {"covered_lines": 29, "num_statements": 93, "percent_covered": 31.182795698924732, "percent_covered_display": "31", "missing_lines": 64, "excluded_lines": 1, "percent_statements_covered": 31.182795698924732, "percent_statements_covered_display": "31"}, "missing_lines": [37, 40, 41, 43, 44, 48, 50, 51, 56, 57, 58, 63, 64, 65, 66, 71, 72, 74, 75, 80, 87, 88, 92, 112, 117, 129, 139, 140, 144, 145, 149, 151, 165, 166, 167, 168, 169, 170, 171, 203, 208, 209, 211, 212, 217, 218, 219, 227, 232, 237, 239, 272, 274, 275, 276, 277, 278, 282, 283, 284, 293, 296, 297, 301], "excluded_lines": [175], "start_line": 1}}}, "apps/api/src/nfm_db/api/v1/auth_endpoints.py": {"executed_lines": [3, 4, 5, 6, 8, 9, 10, 11, 13, 17, 20, 21, 22, 23, 27, 39, 47, 48, 50, 56, 59, 80, 90, 96, 97, 158, 159, 165, 179, 180, 227, 234, 235, 273, 279, 289, 300, 334, 340, 351, 358, 394], "summary": {"covered_lines": 42, "num_statements": 106, "percent_covered": 39.62264150943396, "percent_covered_display": "40", "missing_lines": 64, "excluded_lines": 0, "percent_statements_covered": 39.62264150943396, "percent_statements_covered_display": "40"}, "missing_lines": [72, 77, 82, 83, 84, 85, 86, 87, 105, 110, 112, 113, 119, 120, 126, 127, 132, 133, 145, 155, 161, 162, 192, 193, 194, 200, 205, 211, 221, 241, 243, 244, 245, 251, 252, 253, 258, 266, 267, 268, 270, 283, 309, 310, 314, 315, 316, 317, 318, 319, 323, 325, 344, 345, 365, 366, 368, 369, 374, 375, 377, 378, 380, 388], "excluded_lines": [], "functions": {"_cookie_max_age": {"executed_lines": [], "summary": {"covered_lines": 0, "num_statements": 2, "percent_covered": 0.0, "percent_covered_display": "0", "missing_lines": 2, "excluded_lines": 0, "percent_statements_covered": 0.0, "percent_statements_covered_display": "0"}, "missing_lines": [72, 77], "excluded_lines": [], "start_line": 59}, "_validate_password_strength": {"executed_lines": [], "summary": {"covered_lines": 0, "num_statements": 6, "percent_covered": 0.0, "percent_covered_display": "0", "missing_lines": 6, "excluded_lines": 0, "percent_statements_covered": 0.0, "percent_statements_covered_display": "0"}, "missing_lines": [82, 83, 84, 85, 86, 87], "excluded_lines": [], "start_line": 80}, "login": {"executed_lines": [], "summary": {"covered_lines": 0, "num_statements": 12, "percent_covered": 0.0, "percent_covered_display": "0", "missing_lines": 12, "excluded_lines": 0, "percent_statements_covered": 0.0, "percent_statements_covered_display": "0"}, "missing_lines": [105, 110, 112, 113, 119, 120, 126, 127, 132, 133, 145, 155], "excluded_lines": [], "start_line": 97}, "logout": {"executed_lines": [], "summary": {"covered_lines": 0, "num_statements": 2, "percent_covered": 0.0, "percent_covered_display": "0", "missing_lines": 2, "excluded_lines": 0, "percent_statements_covered": 0.0, "percent_statements_covered_display": "0"}, "missing_lines": [161, 162], "excluded_lines": [], "start_line": 159}, "refresh": {"executed_lines": [], "summary": {"covered_lines": 0, "num_statements": 7, "percent_covered": 0.0, "percent_covered_display": "0", "missing_lines": 7, "excluded_lines": 0, "percent_statements_covered": 0.0, "percent_statements_covered_display": "0"}, "missing_lines": [192, 193, 194, 200, 205, 211, 221], "excluded_lines": [], "start_line": 180}, "register": {"executed_lines": [], "summary": {"covered_lines": 0, "num_statements": 12, "percent_covered": 0.0, "percent_covered_display": "0", "missing_lines": 12, "excluded_lines": 0, "percent_statements_covered": 0.0, "percent_statements_covered_display": "0"}, "missing_lines": [241, 243, 244, 245, 251, 252, 253, 258, 266, 267, 268, 270], "excluded_lines": [], "start_line": 235}, "get_current_user_info": {"executed_lines": [], "summary": {"covered_lines": 0, "num_statements": 1, "percent_covered": 0.0, "percent_covered_display": "0", "missing_lines": 1, "excluded_lines": 0, "percent_statements_covered": 0.0, "percent_statements_covered_display": "0"}, "missing_lines": [283], "excluded_lines": [], "start_line": 279}, "get_session_info": {"executed_lines": [], "summary": {"covered_lines": 0, "num_statements": 10, "percent_covered": 0.0, "percent_covered_display": "0", "missing_lines": 10, "excluded_lines": 0, "percent_statements_covered": 0.0, "percent_statements_covered_display": "0"}, "missing_lines": [309, 310, 314, 315, 316, 317, 318, 319, 323, 325], "excluded_lines": [], "start_line": 300}, "list_roles": {"executed_lines": [], "summary": {"covered_lines": 0, "num_statements": 2, "percent_covered": 0.0, "percent_covered_display": "0", "missing_lines": 2, "excluded_lines": 0, "percent_statements_covered": 0.0, "percent_statements_covered_display": "0"}, "missing_lines": [344, 345], "excluded_lines": [], "start_line": 340}, "assign_user_role": {"executed_lines": [], "summary": {"covered_lines": 0, "num_statements": 10, "percent_covered": 0.0, "percent_covered_display": "0", "missing_lines": 10, "excluded_lines": 0, "percent_statements_covered": 0.0, "percent_statements_covered_display": "0"}, "missing_lines": [365, 366, 368, 369, 374, 375, 377, 378, 380, 388], "excluded_lines": [], "start_line": 358}, "": {"executed_lines": [3, 4, 5, 6, 8, 9, 10, 11, 13, 17, 20, 21, 22, 23, 27, 39, 47, 48, 50, 56, 59, 80, 90, 96, 97, 158, 159, 165, 179, 180, 227, 234, 235, 273, 279, 289, 300, 334, 340, 351, 358, 394], "summary": {"covered_lines": 42, "num_statements": 42, "percent_covered": 100.0, "percent_covered_display": "100", "missing_lines": 0, "excluded_lines": 0, "percent_statements_covered": 100.0, "percent_statements_covered_display": "100"}, "missing_lines": [], "excluded_lines": [], "start_line": 1}}, "classes": {"": {"executed_lines": [3, 4, 5, 6, 8, 9, 10, 11, 13, 17, 20, 21, 22, 23, 27, 39, 47, 48, 50, 56, 59, 80, 90, 96, 97, 158, 159, 165, 179, 180, 227, 234, 235, 273, 279, 289, 300, 334, 340, 351, 358, 394], "summary": {"covered_lines": 42, "num_statements": 106, "percent_covered": 39.62264150943396, "percent_covered_display": "40", "missing_lines": 64, "excluded_lines": 0, "percent_statements_covered": 39.62264150943396, "percent_statements_covered_display": "40"}, "missing_lines": [72, 77, 82, 83, 84, 85, 86, 87, 105, 110, 112, 113, 119, 120, 126, 127, 132, 133, 145, 155, 161, 162, 192, 193, 194, 200, 205, 211, 221, 241, 243, 244, 245, 251, 252, 253, 258, 266, 267, 268, 270, 283, 309, 310, 314, 315, 316, 317, 318, 319, 323, 325, 344, 345, 365, 366, 368, 369, 374, 375, 377, 378, 380, 388], "excluded_lines": [], "start_line": 1}}}, "apps/api/src/nfm_db/api/v1/batch.py": {"executed_lines": [16, 18, 19, 20, 22, 23, 24, 25, 26, 28, 29, 30, 31, 32, 37, 54, 57, 67, 68, 69, 75, 85, 103, 119, 137, 143, 204, 209, 245, 251, 322, 327, 352, 358, 418, 423], "summary": {"covered_lines": 36, "num_statements": 178, "percent_covered": 20.224719101123597, "percent_covered_display": "20", "missing_lines": 142, "excluded_lines": 0, "percent_statements_covered": 20.224719101123597, "percent_statements_covered_display": "20"}, "missing_lines": [59, 63, 77, 78, 79, 80, 81, 82, 87, 105, 125, 126, 127, 152, 153, 154, 155, 156, 161, 162, 163, 164, 166, 167, 172, 173, 175, 176, 177, 178, 179, 180, 182, 183, 184, 186, 187, 188, 189, 190, 194, 195, 196, 198, 216, 217, 218, 219, 221, 234, 235, 237, 239, 257, 258, 259, 260, 261, 266, 267, 268, 269, 271, 272, 277, 278, 280, 281, 282, 283, 284, 285, 287, 288, 289, 290, 291, 292, 293, 294, 301, 302, 304, 305, 306, 307, 308, 312, 313, 314, 316, 334, 335, 336, 337, 339, 341, 342, 344, 346, 364, 365, 366, 367, 368, 373, 374, 375, 376, 378, 379, 384, 385, 387, 388, 389, 390, 391, 392, 394, 395, 396, 397, 398, 400, 401, 402, 403, 404, 408, 409, 410, 412, 430, 431, 432, 433, 435, 437, 438, 440, 442], "excluded_lines": [], "functions": {"_generate_dedup_hash": {"executed_lines": [], "summary": {"covered_lines": 0, "num_statements": 2, "percent_covered": 0.0, "percent_covered_display": "0", "missing_lines": 2, "excluded_lines": 0, "percent_statements_covered": 0.0, "percent_statements_covered_display": "0"}, "missing_lines": [59, 63], "excluded_lines": [], "start_line": 57}, "_parse_rows": {"executed_lines": [], "summary": {"covered_lines": 0, "num_statements": 6, "percent_covered": 0.0, "percent_covered_display": "0", "missing_lines": 6, "excluded_lines": 0, "percent_statements_covered": 0.0, "percent_statements_covered_display": "0"}, "missing_lines": [77, 78, 79, 80, 81, 82], "excluded_lines": [], "start_line": 75}, "_measurement_to_dict": {"executed_lines": [], "summary": {"covered_lines": 0, "num_statements": 1, "percent_covered": 0.0, "percent_covered_display": "0", "missing_lines": 1, "excluded_lines": 0, "percent_statements_covered": 0.0, "percent_statements_covered_display": "0"}, "missing_lines": [87], "excluded_lines": [], "start_line": 85}, "_ref_value_to_dict": {"executed_lines": [], "summary": {"covered_lines": 0, "num_statements": 1, "percent_covered": 0.0, "percent_covered_display": "0", "missing_lines": 1, "excluded_lines": 0, "percent_statements_covered": 0.0, "percent_statements_covered_display": "0"}, "missing_lines": [105], "excluded_lines": [], "start_line": 103}, "_build_export_response": {"executed_lines": [], "summary": {"covered_lines": 0, "num_statements": 3, "percent_covered": 0.0, "percent_covered_display": "0", "missing_lines": 3, "excluded_lines": 0, "percent_statements_covered": 0.0, "percent_statements_covered_display": "0"}, "missing_lines": [125, 126, 127], "excluded_lines": [], "start_line": 119}, "import_materials": {"executed_lines": [], "summary": {"covered_lines": 0, "num_statements": 31, "percent_covered": 0.0, "percent_covered_display": "0", "missing_lines": 31, "excluded_lines": 0, "percent_statements_covered": 0.0, "percent_statements_covered_display": "0"}, "missing_lines": [152, 153, 154, 155, 156, 161, 162, 163, 164, 166, 167, 172, 173, 175, 176, 177, 178, 179, 180, 182, 183, 184, 186, 187, 188, 189, 190, 194, 195, 196, 198], "excluded_lines": [], "start_line": 143}, "export_materials": {"executed_lines": [], "summary": {"covered_lines": 0, "num_statements": 9, "percent_covered": 0.0, "percent_covered_display": "0", "missing_lines": 9, "excluded_lines": 0, "percent_statements_covered": 0.0, "percent_statements_covered_display": "0"}, "missing_lines": [216, 217, 218, 219, 221, 234, 235, 237, 239], "excluded_lines": [], "start_line": 209}, "import_properties": {"executed_lines": [], "summary": {"covered_lines": 0, "num_statements": 38, "percent_covered": 0.0, "percent_covered_display": "0", "missing_lines": 38, "excluded_lines": 0, "percent_statements_covered": 0.0, "percent_statements_covered_display": "0"}, "missing_lines": [257, 258, 259, 260, 261, 266, 267, 268, 269, 271, 272, 277, 278, 280, 281, 282, 283, 284, 285, 287, 288, 289, 290, 291, 292, 293, 294, 301, 302, 304, 305, 306, 307, 308, 312, 313, 314, 316], "excluded_lines": [], "start_line": 251}, "export_properties": {"executed_lines": [], "summary": {"covered_lines": 0, "num_statements": 9, "percent_covered": 0.0, "percent_covered_display": "0", "missing_lines": 9, "excluded_lines": 0, "percent_statements_covered": 0.0, "percent_statements_covered_display": "0"}, "missing_lines": [334, 335, 336, 337, 339, 341, 342, 344, 346], "excluded_lines": [], "start_line": 327}, "import_reference_values": {"executed_lines": [], "summary": {"covered_lines": 0, "num_statements": 33, "percent_covered": 0.0, "percent_covered_display": "0", "missing_lines": 33, "excluded_lines": 0, "percent_statements_covered": 0.0, "percent_statements_covered_display": "0"}, "missing_lines": [364, 365, 366, 367, 368, 373, 374, 375, 376, 378, 379, 384, 385, 387, 388, 389, 390, 391, 392, 394, 395, 396, 397, 398, 400, 401, 402, 403, 404, 408, 409, 410, 412], "excluded_lines": [], "start_line": 358}, "export_reference_values": {"executed_lines": [], "summary": {"covered_lines": 0, "num_statements": 9, "percent_covered": 0.0, "percent_covered_display": "0", "missing_lines": 9, "excluded_lines": 0, "percent_statements_covered": 0.0, "percent_statements_covered_display": "0"}, "missing_lines": [430, 431, 432, 433, 435, 437, 438, 440, 442], "excluded_lines": [], "start_line": 423}, "": {"executed_lines": [16, 18, 19, 20, 22, 23, 24, 25, 26, 28, 29, 30, 31, 32, 37, 54, 57, 67, 68, 69, 75, 85, 103, 119, 137, 143, 204, 209, 245, 251, 322, 327, 352, 358, 418, 423], "summary": {"covered_lines": 36, "num_statements": 36, "percent_covered": 100.0, "percent_covered_display": "100", "missing_lines": 0, "excluded_lines": 0, "percent_statements_covered": 100.0, "percent_statements_covered_display": "100"}, "missing_lines": [], "excluded_lines": [], "start_line": 1}}, "classes": {"": {"executed_lines": [16, 18, 19, 20, 22, 23, 24, 25, 26, 28, 29, 30, 31, 32, 37, 54, 57, 67, 68, 69, 75, 85, 103, 119, 137, 143, 204, 209, 245, 251, 322, 327, 352, 358, 418, 423], "summary": {"covered_lines": 36, "num_statements": 178, "percent_covered": 20.224719101123597, "percent_covered_display": "20", "missing_lines": 142, "excluded_lines": 0, "percent_statements_covered": 20.224719101123597, "percent_statements_covered_display": "20"}, "missing_lines": [59, 63, 77, 78, 79, 80, 81, 82, 87, 105, 125, 126, 127, 152, 153, 154, 155, 156, 161, 162, 163, 164, 166, 167, 172, 173, 175, 176, 177, 178, 179, 180, 182, 183, 184, 186, 187, 188, 189, 190, 194, 195, 196, 198, 216, 217, 218, 219, 221, 234, 235, 237, 239, 257, 258, 259, 260, 261, 266, 267, 268, 269, 271, 272, 277, 278, 280, 281, 282, 283, 284, 285, 287, 288, 289, 290, 291, 292, 293, 294, 301, 302, 304, 305, 306, 307, 308, 312, 313, 314, 316, 334, 335, 336, 337, 339, 341, 342, 344, 346, 364, 365, 366, 367, 368, 373, 374, 375, 376, 378, 379, 384, 385, 387, 388, 389, 390, 391, 392, 394, 395, 396, 397, 398, 400, 401, 402, 403, 404, 408, 409, 410, 412, 430, 431, 432, 433, 435, 437, 438, 440, 442], "excluded_lines": [], "start_line": 1}}}, "apps/api/src/nfm_db/api/v1/blog.py": {"executed_lines": [3, 4, 5, 7, 8, 9, 11, 16, 17, 18, 19, 26, 27, 28, 40, 41, 44, 88, 105, 112, 119, 140, 146, 196, 202, 217, 223, 246, 252, 277, 283], "summary": {"covered_lines": 31, "num_statements": 112, "percent_covered": 27.678571428571427, "percent_covered_display": "28", "missing_lines": 81, "excluded_lines": 0, "percent_statements_covered": 27.678571428571427, "percent_statements_covered_display": "28"}, "missing_lines": [49, 50, 51, 53, 59, 60, 62, 63, 64, 66, 67, 68, 69, 70, 75, 76, 77, 83, 84, 85, 90, 91, 93, 95, 97, 98, 99, 101, 127, 137, 168, 169, 170, 171, 172, 173, 174, 175, 176, 178, 179, 180, 181, 182, 183, 185, 193, 210, 211, 212, 214, 231, 232, 233, 235, 236, 238, 239, 243, 261, 262, 271, 272, 274, 293, 295, 296, 297, 299, 300, 301, 303, 304, 305, 308, 311, 313, 314, 315, 318, 320], "excluded_lines": [], "functions": {"_read_markdown": {"executed_lines": [], "summary": {"covered_lines": 0, "num_statements": 20, "percent_covered": 0.0, "percent_covered_display": "0", "missing_lines": 20, "excluded_lines": 0, "percent_statements_covered": 0.0, "percent_statements_covered_display": "0"}, "missing_lines": [49, 50, 51, 53, 59, 60, 62, 63, 64, 66, 67, 68, 69, 70, 75, 76, 77, 83, 84, 85], "excluded_lines": [], "start_line": 44}, "_enrich_response": {"executed_lines": [], "summary": {"covered_lines": 0, "num_statements": 8, "percent_covered": 0.0, "percent_covered_display": "0", "missing_lines": 8, "excluded_lines": 0, "percent_statements_covered": 0.0, "percent_statements_covered_display": "0"}, "missing_lines": [90, 91, 93, 95, 97, 98, 99, 101], "excluded_lines": [], "start_line": 88}, "create_post": {"executed_lines": [], "summary": {"covered_lines": 0, "num_statements": 2, "percent_covered": 0.0, "percent_covered_display": "0", "missing_lines": 2, "excluded_lines": 0, "percent_statements_covered": 0.0, "percent_statements_covered_display": "0"}, "missing_lines": [127, 137], "excluded_lines": [], "start_line": 119}, "list_posts": {"executed_lines": [], "summary": {"covered_lines": 0, "num_statements": 17, "percent_covered": 0.0, "percent_covered_display": "0", "missing_lines": 17, "excluded_lines": 0, "percent_statements_covered": 0.0, "percent_statements_covered_display": "0"}, "missing_lines": [168, 169, 170, 171, 172, 173, 174, 175, 176, 178, 179, 180, 181, 182, 183, 185, 193], "excluded_lines": [], "start_line": 146}, "get_post": {"executed_lines": [], "summary": {"covered_lines": 0, "num_statements": 4, "percent_covered": 0.0, "percent_covered_display": "0", "missing_lines": 4, "excluded_lines": 0, "percent_statements_covered": 0.0, "percent_statements_covered_display": "0"}, "missing_lines": [210, 211, 212, 214], "excluded_lines": [], "start_line": 202}, "delete_post": {"executed_lines": [], "summary": {"covered_lines": 0, "num_statements": 8, "percent_covered": 0.0, "percent_covered_display": "0", "missing_lines": 8, "excluded_lines": 0, "percent_statements_covered": 0.0, "percent_statements_covered_display": "0"}, "missing_lines": [231, 232, 233, 235, 236, 238, 239, 243], "excluded_lines": [], "start_line": 223}, "update_post": {"executed_lines": [], "summary": {"covered_lines": 0, "num_statements": 5, "percent_covered": 0.0, "percent_covered_display": "0", "missing_lines": 5, "excluded_lines": 0, "percent_statements_covered": 0.0, "percent_statements_covered_display": "0"}, "missing_lines": [261, 262, 271, 272, 274], "excluded_lines": [], "start_line": 252}, "workflow_action": {"executed_lines": [], "summary": {"covered_lines": 0, "num_statements": 17, "percent_covered": 0.0, "percent_covered_display": "0", "missing_lines": 17, "excluded_lines": 0, "percent_statements_covered": 0.0, "percent_statements_covered_display": "0"}, "missing_lines": [293, 295, 296, 297, 299, 300, 301, 303, 304, 305, 308, 311, 313, 314, 315, 318, 320], "excluded_lines": [], "start_line": 283}, "": {"executed_lines": [3, 4, 5, 7, 8, 9, 11, 16, 17, 18, 19, 26, 27, 28, 40, 41, 44, 88, 105, 112, 119, 140, 146, 196, 202, 217, 223, 246, 252, 277, 283], "summary": {"covered_lines": 31, "num_statements": 31, "percent_covered": 100.0, "percent_covered_display": "100", "missing_lines": 0, "excluded_lines": 0, "percent_statements_covered": 100.0, "percent_statements_covered_display": "100"}, "missing_lines": [], "excluded_lines": [], "start_line": 1}}, "classes": {"": {"executed_lines": [3, 4, 5, 7, 8, 9, 11, 16, 17, 18, 19, 26, 27, 28, 40, 41, 44, 88, 105, 112, 119, 140, 146, 196, 202, 217, 223, 246, 252, 277, 283], "summary": {"covered_lines": 31, "num_statements": 112, "percent_covered": 27.678571428571427, "percent_covered_display": "28", "missing_lines": 81, "excluded_lines": 0, "percent_statements_covered": 27.678571428571427, "percent_statements_covered_display": "28"}, "missing_lines": [49, 50, 51, 53, 59, 60, 62, 63, 64, 66, 67, 68, 69, 70, 75, 76, 77, 83, 84, 85, 90, 91, 93, 95, 97, 98, 99, 101, 127, 137, 168, 169, 170, 171, 172, 173, 174, 175, 176, 178, 179, 180, 181, 182, 183, 185, 193, 210, 211, 212, 214, 231, 232, 233, 235, 236, 238, 239, 243, 261, 262, 271, 272, 274, 293, 295, 296, 297, 299, 300, 301, 303, 304, 305, 308, 311, 313, 314, 315, 318, 320], "excluded_lines": [], "start_line": 1}}}, "apps/api/src/nfm_db/api/v1/composition.py": {"executed_lines": [7, 9, 10, 12, 14, 15, 16, 17, 23, 25, 28, 39], "summary": {"covered_lines": 12, "num_statements": 37, "percent_covered": 32.432432432432435, "percent_covered_display": "32", "missing_lines": 25, "excluded_lines": 0, "percent_statements_covered": 32.432432432432435, "percent_statements_covered_display": "32"}, "missing_lines": [43, 44, 45, 46, 47, 50, 54, 55, 57, 59, 60, 62, 63, 66, 67, 68, 73, 74, 77, 78, 79, 80, 83, 85, 95], "excluded_lines": [], "functions": {"generate_compositions": {"executed_lines": [], "summary": {"covered_lines": 0, "num_statements": 25, "percent_covered": 0.0, "percent_covered_display": "0", "missing_lines": 25, "excluded_lines": 0, "percent_statements_covered": 0.0, "percent_statements_covered_display": "0"}, "missing_lines": [43, 44, 45, 46, 47, 50, 54, 55, 57, 59, 60, 62, 63, 66, 67, 68, 73, 74, 77, 78, 79, 80, 83, 85, 95], "excluded_lines": [], "start_line": 39}, "": {"executed_lines": [7, 9, 10, 12, 14, 15, 16, 17, 23, 25, 28, 39], "summary": {"covered_lines": 12, "num_statements": 12, "percent_covered": 100.0, "percent_covered_display": "100", "missing_lines": 0, "excluded_lines": 0, "percent_statements_covered": 100.0, "percent_statements_covered_display": "100"}, "missing_lines": [], "excluded_lines": [], "start_line": 1}}, "classes": {"": {"executed_lines": [7, 9, 10, 12, 14, 15, 16, 17, 23, 25, 28, 39], "summary": {"covered_lines": 12, "num_statements": 37, "percent_covered": 32.432432432432435, "percent_covered_display": "32", "missing_lines": 25, "excluded_lines": 0, "percent_statements_covered": 32.432432432432435, "percent_statements_covered_display": "32"}, "missing_lines": [43, 44, 45, 46, 47, 50, 54, 55, 57, 59, 60, 62, 63, 66, 67, 68, 73, 74, 77, 78, 79, 80, 83, 85, 95], "excluded_lines": [], "start_line": 1}}}, "apps/api/src/nfm_db/api/v1/conflict.py": {"executed_lines": [10, 12, 13, 14, 15, 17, 18, 19, 21, 22, 23, 24, 25, 26, 27, 28, 29, 35, 37, 39, 47, 83, 117, 123, 160, 166], "summary": {"covered_lines": 26, "num_statements": 83, "percent_covered": 31.325301204819276, "percent_covered_display": "31", "missing_lines": 57, "excluded_lines": 0, "percent_statements_covered": 31.325301204819276, "percent_statements_covered_display": "31"}, "missing_lines": [52, 53, 55, 56, 57, 58, 59, 60, 61, 62, 71, 88, 89, 90, 92, 93, 94, 96, 98, 99, 101, 103, 104, 105, 106, 109, 132, 136, 137, 138, 140, 143, 144, 145, 146, 150, 151, 153, 154, 155, 157, 176, 177, 182, 183, 184, 186, 187, 188, 192, 194, 196, 197, 198, 199, 200, 202], "excluded_lines": [], "functions": {"_enrich_conflict": {"executed_lines": [], "summary": {"covered_lines": 0, "num_statements": 11, "percent_covered": 0.0, "percent_covered_display": "0", "missing_lines": 11, "excluded_lines": 0, "percent_statements_covered": 0.0, "percent_statements_covered_display": "0"}, "missing_lines": [52, 53, 55, 56, 57, 58, 59, 60, 61, 62, 71], "excluded_lines": [], "start_line": 47}, "_auto_resolve": {"executed_lines": [], "summary": {"covered_lines": 0, "num_statements": 15, "percent_covered": 0.0, "percent_covered_display": "0", "missing_lines": 15, "excluded_lines": 0, "percent_statements_covered": 0.0, "percent_statements_covered_display": "0"}, "missing_lines": [88, 89, 90, 92, 93, 94, 96, 98, 99, 101, 103, 104, 105, 106, 109], "excluded_lines": [], "start_line": 83}, "list_conflicts": {"executed_lines": [], "summary": {"covered_lines": 0, "num_statements": 15, "percent_covered": 0.0, "percent_covered_display": "0", "missing_lines": 15, "excluded_lines": 0, "percent_statements_covered": 0.0, "percent_statements_covered_display": "0"}, "missing_lines": [132, 136, 137, 138, 140, 143, 144, 145, 146, 150, 151, 153, 154, 155, 157], "excluded_lines": [], "start_line": 123}, "resolve_conflict": {"executed_lines": [], "summary": {"covered_lines": 0, "num_statements": 16, "percent_covered": 0.0, "percent_covered_display": "0", "missing_lines": 16, "excluded_lines": 0, "percent_statements_covered": 0.0, "percent_statements_covered_display": "0"}, "missing_lines": [176, 177, 182, 183, 184, 186, 187, 188, 192, 194, 196, 197, 198, 199, 200, 202], "excluded_lines": [], "start_line": 166}, "": {"executed_lines": [10, 12, 13, 14, 15, 17, 18, 19, 21, 22, 23, 24, 25, 26, 27, 28, 29, 35, 37, 39, 47, 83, 117, 123, 160, 166], "summary": {"covered_lines": 26, "num_statements": 26, "percent_covered": 100.0, "percent_covered_display": "100", "missing_lines": 0, "excluded_lines": 0, "percent_statements_covered": 100.0, "percent_statements_covered_display": "100"}, "missing_lines": [], "excluded_lines": [], "start_line": 1}}, "classes": {"": {"executed_lines": [10, 12, 13, 14, 15, 17, 18, 19, 21, 22, 23, 24, 25, 26, 27, 28, 29, 35, 37, 39, 47, 83, 117, 123, 160, 166], "summary": {"covered_lines": 26, "num_statements": 83, "percent_covered": 31.325301204819276, "percent_covered_display": "31", "missing_lines": 57, "excluded_lines": 0, "percent_statements_covered": 31.325301204819276, "percent_statements_covered_display": "31"}, "missing_lines": [52, 53, 55, 56, 57, 58, 59, 60, 61, 62, 71, 88, 89, 90, 92, 93, 94, 96, 98, 99, 101, 103, 104, 105, 106, 109, 132, 136, 137, 138, 140, 143, 144, 145, 146, 150, 151, 153, 154, 155, 157, 176, 177, 182, 183, 184, 186, 187, 188, 192, 194, 196, 197, 198, 199, 200, 202], "excluded_lines": [], "start_line": 1}}}, "apps/api/src/nfm_db/api/v1/data_collection.py": {"executed_lines": [7, 9, 10, 11, 12, 14, 15, 16, 17, 19, 20, 21, 22, 23, 24, 28, 29, 31, 32, 40, 43, 48, 51, 54, 65, 78, 84, 143, 149, 172, 178, 231, 237, 284, 292, 334, 344, 383, 399, 410], "summary": {"covered_lines": 40, "num_statements": 126, "percent_covered": 31.746031746031747, "percent_covered_display": "32", "missing_lines": 86, "excluded_lines": 0, "percent_statements_covered": 31.746031746031747, "percent_statements_covered_display": "32"}, "missing_lines": [99, 103, 104, 105, 112, 114, 115, 117, 120, 122, 123, 124, 129, 155, 158, 159, 160, 164, 185, 188, 189, 190, 195, 196, 198, 199, 207, 208, 209, 217, 218, 219, 221, 222, 223, 243, 244, 245, 246, 247, 253, 258, 259, 261, 262, 263, 264, 265, 267, 298, 299, 300, 304, 305, 310, 312, 350, 351, 352, 353, 354, 359, 362, 367, 368, 389, 390, 391, 392, 396, 421, 426, 427, 428, 432, 433, 441, 442, 443, 444, 445, 450, 453, 458, 459, 461], "excluded_lines": [], "functions": {"list_requests": {"executed_lines": [], "summary": {"covered_lines": 0, "num_statements": 13, "percent_covered": 0.0, "percent_covered_display": "0", "missing_lines": 13, "excluded_lines": 0, "percent_statements_covered": 0.0, "percent_statements_covered_display": "0"}, "missing_lines": [99, 103, 104, 105, 112, 114, 115, 117, 120, 122, 123, 124, 129], "excluded_lines": [], "start_line": 84}, "get_request": {"executed_lines": [], "summary": {"covered_lines": 0, "num_statements": 5, "percent_covered": 0.0, "percent_covered_display": "0", "missing_lines": 5, "excluded_lines": 0, "percent_statements_covered": 0.0, "percent_statements_covered_display": "0"}, "missing_lines": [155, 158, 159, 160, 164], "excluded_lines": [], "start_line": 149}, "update_status": {"executed_lines": [], "summary": {"covered_lines": 0, "num_statements": 17, "percent_covered": 0.0, "percent_covered_display": "0", "missing_lines": 17, "excluded_lines": 0, "percent_statements_covered": 0.0, "percent_statements_covered_display": "0"}, "missing_lines": [185, 188, 189, 190, 195, 196, 198, 199, 207, 208, 209, 217, 218, 219, 221, 222, 223], "excluded_lines": [], "start_line": 178}, "get_coverage": {"executed_lines": [], "summary": {"covered_lines": 0, "num_statements": 14, "percent_covered": 0.0, "percent_covered_display": "0", "missing_lines": 14, "excluded_lines": 0, "percent_statements_covered": 0.0, "percent_statements_covered_display": "0"}, "missing_lines": [243, 244, 245, 246, 247, 253, 258, 259, 261, 262, 263, 264, 265, 267], "excluded_lines": [], "start_line": 237}, "trigger_scan": {"executed_lines": [], "summary": {"covered_lines": 0, "num_statements": 7, "percent_covered": 0.0, "percent_covered_display": "0", "missing_lines": 7, "excluded_lines": 0, "percent_statements_covered": 0.0, "percent_statements_covered_display": "0"}, "missing_lines": [298, 299, 300, 304, 305, 310, 312], "excluded_lines": [], "start_line": 292}, "dispatch_request": {"executed_lines": [], "summary": {"covered_lines": 0, "num_statements": 9, "percent_covered": 0.0, "percent_covered_display": "0", "missing_lines": 9, "excluded_lines": 0, "percent_statements_covered": 0.0, "percent_statements_covered_display": "0"}, "missing_lines": [350, 351, 352, 353, 354, 359, 362, 367, 368], "excluded_lines": [], "start_line": 344}, "_parse_dispatched_at": {"executed_lines": [], "summary": {"covered_lines": 0, "num_statements": 5, "percent_covered": 0.0, "percent_covered_display": "0", "missing_lines": 5, "excluded_lines": 0, "percent_statements_covered": 0.0, "percent_statements_covered_display": "0"}, "missing_lines": [389, 390, 391, 392, 396], "excluded_lines": [], "start_line": 383}, "dispatch_request_per_request": {"executed_lines": [], "summary": {"covered_lines": 0, "num_statements": 16, "percent_covered": 0.0, "percent_covered_display": "0", "missing_lines": 16, "excluded_lines": 0, "percent_statements_covered": 0.0, "percent_statements_covered_display": "0"}, "missing_lines": [421, 426, 427, 428, 432, 433, 441, 442, 443, 444, 445, 450, 453, 458, 459, 461], "excluded_lines": [], "start_line": 410}, "": {"executed_lines": [7, 9, 10, 11, 12, 14, 15, 16, 17, 19, 20, 21, 22, 23, 24, 28, 29, 31, 32, 40, 43, 48, 51, 54, 65, 78, 84, 143, 149, 172, 178, 231, 237, 284, 292, 334, 344, 383, 399, 410], "summary": {"covered_lines": 40, "num_statements": 40, "percent_covered": 100.0, "percent_covered_display": "100", "missing_lines": 0, "excluded_lines": 0, "percent_statements_covered": 100.0, "percent_statements_covered_display": "100"}, "missing_lines": [], "excluded_lines": [], "start_line": 1}}, "classes": {"StatusTransitionRequest": {"executed_lines": [], "summary": {"covered_lines": 0, "num_statements": 0, "percent_covered": 100.0, "percent_covered_display": "100", "missing_lines": 0, "excluded_lines": 0, "percent_statements_covered": 100.0, "percent_statements_covered_display": "100"}, "missing_lines": [], "excluded_lines": [], "start_line": 40}, "CoverageScanRequest": {"executed_lines": [], "summary": {"covered_lines": 0, "num_statements": 0, "percent_covered": 100.0, "percent_covered_display": "100", "missing_lines": 0, "excluded_lines": 0, "percent_statements_covered": 100.0, "percent_statements_covered_display": "100"}, "missing_lines": [], "excluded_lines": [], "start_line": 48}, "": {"executed_lines": [7, 9, 10, 11, 12, 14, 15, 16, 17, 19, 20, 21, 22, 23, 24, 28, 29, 31, 32, 40, 43, 48, 51, 54, 65, 78, 84, 143, 149, 172, 178, 231, 237, 284, 292, 334, 344, 383, 399, 410], "summary": {"covered_lines": 40, "num_statements": 126, "percent_covered": 31.746031746031747, "percent_covered_display": "32", "missing_lines": 86, "excluded_lines": 0, "percent_statements_covered": 31.746031746031747, "percent_statements_covered_display": "32"}, "missing_lines": [99, 103, 104, 105, 112, 114, 115, 117, 120, 122, 123, 124, 129, 155, 158, 159, 160, 164, 185, 188, 189, 190, 195, 196, 198, 199, 207, 208, 209, 217, 218, 219, 221, 222, 223, 243, 244, 245, 246, 247, 253, 258, 259, 261, 262, 263, 264, 265, 267, 298, 299, 300, 304, 305, 310, 312, 350, 351, 352, 353, 354, 359, 362, 367, 368, 389, 390, 391, 392, 396, 421, 426, 427, 428, 432, 433, 441, 442, 443, 444, 445, 450, 453, 458, 459, 461], "excluded_lines": [], "start_line": 1}}}, "apps/api/src/nfm_db/api/v1/dedup.py": {"executed_lines": [15, 17, 18, 19, 21, 22, 23, 25, 26, 27, 28, 37, 39, 47, 50, 51, 52, 53, 54, 55, 56, 59, 62, 63, 64, 65, 66, 69, 72, 73, 74, 75, 76, 77, 78, 81, 93, 110, 120, 137, 149, 181, 190, 222, 228], "summary": {"covered_lines": 45, "num_statements": 70, "percent_covered": 64.28571428571429, "percent_covered_display": "64", "missing_lines": 25, "excluded_lines": 0, "percent_statements_covered": 64.28571428571429, "percent_statements_covered_display": "64"}, "missing_lines": [82, 94, 128, 131, 155, 157, 158, 159, 160, 161, 162, 164, 165, 173, 174, 176, 177, 178, 202, 209, 210, 233, 234, 235, 236], "excluded_lines": [], "functions": {"_candidate_to_response": {"executed_lines": [], "summary": {"covered_lines": 0, "num_statements": 1, "percent_covered": 0.0, "percent_covered_display": "0", "missing_lines": 1, "excluded_lines": 0, "percent_statements_covered": 0.0, "percent_statements_covered_display": "0"}, "missing_lines": [82], "excluded_lines": [], "start_line": 81}, "_log_to_response": {"executed_lines": [], "summary": {"covered_lines": 0, "num_statements": 1, "percent_covered": 0.0, "percent_covered_display": "0", "missing_lines": 1, "excluded_lines": 0, "percent_statements_covered": 0.0, "percent_statements_covered_display": "0"}, "missing_lines": [94], "excluded_lines": [], "start_line": 93}, "list_duplicate_candidates": {"executed_lines": [], "summary": {"covered_lines": 0, "num_statements": 2, "percent_covered": 0.0, "percent_covered_display": "0", "missing_lines": 2, "excluded_lines": 0, "percent_statements_covered": 0.0, "percent_statements_covered_display": "0"}, "missing_lines": [128, 131], "excluded_lines": [], "start_line": 120}, "record_merge": {"executed_lines": [], "summary": {"covered_lines": 0, "num_statements": 14, "percent_covered": 0.0, "percent_covered_display": "0", "missing_lines": 14, "excluded_lines": 0, "percent_statements_covered": 0.0, "percent_statements_covered_display": "0"}, "missing_lines": [155, 157, 158, 159, 160, 161, 162, 164, 165, 173, 174, 176, 177, 178], "excluded_lines": [], "start_line": 149}, "list_logs": {"executed_lines": [], "summary": {"covered_lines": 0, "num_statements": 3, "percent_covered": 0.0, "percent_covered_display": "0", "missing_lines": 3, "excluded_lines": 0, "percent_statements_covered": 0.0, "percent_statements_covered_display": "0"}, "missing_lines": [202, 209, 210], "excluded_lines": [], "start_line": 190}, "get_log": {"executed_lines": [], "summary": {"covered_lines": 0, "num_statements": 4, "percent_covered": 0.0, "percent_covered_display": "0", "missing_lines": 4, "excluded_lines": 0, "percent_statements_covered": 0.0, "percent_statements_covered_display": "0"}, "missing_lines": [233, 234, 235, 236], "excluded_lines": [], "start_line": 228}, "": {"executed_lines": [15, 17, 18, 19, 21, 22, 23, 25, 26, 27, 28, 37, 39, 47, 50, 51, 52, 53, 54, 55, 56, 59, 62, 63, 64, 65, 66, 69, 72, 73, 74, 75, 76, 77, 78, 81, 93, 110, 120, 137, 149, 181, 190, 222, 228], "summary": {"covered_lines": 45, "num_statements": 45, "percent_covered": 100.0, "percent_covered_display": "100", "missing_lines": 0, "excluded_lines": 0, "percent_statements_covered": 100.0, "percent_statements_covered_display": "100"}, "missing_lines": [], "excluded_lines": [], "start_line": 1}}, "classes": {"DuplicateCandidateResponse": {"executed_lines": [], "summary": {"covered_lines": 0, "num_statements": 0, "percent_covered": 100.0, "percent_covered_display": "100", "missing_lines": 0, "excluded_lines": 0, "percent_statements_covered": 100.0, "percent_statements_covered_display": "100"}, "missing_lines": [], "excluded_lines": [], "start_line": 47}, "MergeRequest": {"executed_lines": [], "summary": {"covered_lines": 0, "num_statements": 0, "percent_covered": 100.0, "percent_covered_display": "100", "missing_lines": 0, "excluded_lines": 0, "percent_statements_covered": 100.0, "percent_statements_covered_display": "100"}, "missing_lines": [], "excluded_lines": [], "start_line": 59}, "MergeLogResponse": {"executed_lines": [], "summary": {"covered_lines": 0, "num_statements": 0, "percent_covered": 100.0, "percent_covered_display": "100", "missing_lines": 0, "excluded_lines": 0, "percent_statements_covered": 100.0, "percent_statements_covered_display": "100"}, "missing_lines": [], "excluded_lines": [], "start_line": 69}, "": {"executed_lines": [15, 17, 18, 19, 21, 22, 23, 25, 26, 27, 28, 37, 39, 47, 50, 51, 52, 53, 54, 55, 56, 59, 62, 63, 64, 65, 66, 69, 72, 73, 74, 75, 76, 77, 78, 81, 93, 110, 120, 137, 149, 181, 190, 222, 228], "summary": {"covered_lines": 45, "num_statements": 70, "percent_covered": 64.28571428571429, "percent_covered_display": "64", "missing_lines": 25, "excluded_lines": 0, "percent_statements_covered": 64.28571428571429, "percent_statements_covered_display": "64"}, "missing_lines": [82, 94, 128, 131, 155, 157, 158, 159, 160, 161, 162, 164, 165, 173, 174, 176, 177, 178, 202, 209, 210, 233, 234, 235, 236], "excluded_lines": [], "start_line": 1}}}, "apps/api/src/nfm_db/api/v1/design.py": {"executed_lines": [7, 9, 10, 12, 13, 14, 15, 16, 17, 18, 19, 20, 22, 27, 28, 36, 38, 42, 45, 56, 179, 188, 212, 226], "summary": {"covered_lines": 24, "num_statements": 100, "percent_covered": 24.0, "percent_covered_display": "24", "missing_lines": 76, "excluded_lines": 0, "percent_statements_covered": 24.0, "percent_statements_covered_display": "24"}, "missing_lines": [61, 62, 66, 67, 76, 77, 84, 85, 86, 87, 88, 99, 100, 110, 117, 120, 121, 122, 129, 130, 131, 136, 139, 140, 155, 156, 157, 160, 162, 181, 193, 194, 196, 197, 199, 200, 201, 205, 209, 214, 215, 217, 218, 219, 220, 221, 223, 228, 229, 230, 233, 234, 235, 236, 237, 238, 239, 241, 242, 246, 247, 251, 253, 254, 256, 257, 259, 260, 261, 262, 263, 264, 265, 266, 267, 269], "excluded_lines": [], "functions": {"optimize_endpoint": {"executed_lines": [], "summary": {"covered_lines": 0, "num_statements": 29, "percent_covered": 0.0, "percent_covered_display": "0", "missing_lines": 29, "excluded_lines": 0, "percent_statements_covered": 0.0, "percent_statements_covered_display": "0"}, "missing_lines": [61, 62, 66, 67, 76, 77, 84, 85, 86, 87, 88, 99, 100, 110, 117, 120, 121, 122, 129, 130, 131, 136, 139, 140, 155, 156, 157, 160, 162], "excluded_lines": [], "start_line": 56}, "_params_from_config": {"executed_lines": [], "summary": {"covered_lines": 0, "num_statements": 1, "percent_covered": 0.0, "percent_covered_display": "0", "missing_lines": 1, "excluded_lines": 0, "percent_statements_covered": 0.0, "percent_statements_covered_display": "0"}, "missing_lines": [181], "excluded_lines": [], "start_line": 179}, "_build_pareto_solutions": {"executed_lines": [], "summary": {"covered_lines": 0, "num_statements": 9, "percent_covered": 0.0, "percent_covered_display": "0", "missing_lines": 9, "excluded_lines": 0, "percent_statements_covered": 0.0, "percent_statements_covered_display": "0"}, "missing_lines": [193, 194, 196, 197, 199, 200, 201, 205, 209], "excluded_lines": [], "start_line": 188}, "_decision_to_composition": {"executed_lines": [], "summary": {"covered_lines": 0, "num_statements": 8, "percent_covered": 0.0, "percent_covered_display": "0", "missing_lines": 8, "excluded_lines": 0, "percent_statements_covered": 0.0, "percent_statements_covered_display": "0"}, "missing_lines": [214, 215, 217, 218, 219, 220, 221, 223], "excluded_lines": [], "start_line": 212}, "_compute_convergence": {"executed_lines": [], "summary": {"covered_lines": 0, "num_statements": 29, "percent_covered": 0.0, "percent_covered_display": "0", "missing_lines": 29, "excluded_lines": 0, "percent_statements_covered": 0.0, "percent_statements_covered_display": "0"}, "missing_lines": [228, 229, 230, 233, 234, 235, 236, 237, 238, 239, 241, 242, 246, 247, 251, 253, 254, 256, 257, 259, 260, 261, 262, 263, 264, 265, 266, 267, 269], "excluded_lines": [], "start_line": 226}, "": {"executed_lines": [7, 9, 10, 12, 13, 14, 15, 16, 17, 18, 19, 20, 22, 27, 28, 36, 38, 42, 45, 56, 179, 188, 212, 226], "summary": {"covered_lines": 24, "num_statements": 24, "percent_covered": 100.0, "percent_covered_display": "100", "missing_lines": 0, "excluded_lines": 0, "percent_statements_covered": 100.0, "percent_statements_covered_display": "100"}, "missing_lines": [], "excluded_lines": [], "start_line": 1}}, "classes": {"": {"executed_lines": [7, 9, 10, 12, 13, 14, 15, 16, 17, 18, 19, 20, 22, 27, 28, 36, 38, 42, 45, 56, 179, 188, 212, 226], "summary": {"covered_lines": 24, "num_statements": 100, "percent_covered": 24.0, "percent_covered_display": "24", "missing_lines": 76, "excluded_lines": 0, "percent_statements_covered": 24.0, "percent_statements_covered_display": "24"}, "missing_lines": [61, 62, 66, 67, 76, 77, 84, 85, 86, 87, 88, 99, 100, 110, 117, 120, 121, 122, 129, 130, 131, 136, 139, 140, 155, 156, 157, 160, 162, 181, 193, 194, 196, 197, 199, 200, 201, 205, 209, 214, 215, 217, 218, 219, 220, 221, 223, 228, 229, 230, 233, 234, 235, 236, 237, 238, 239, 241, 242, 246, 247, 251, 253, 254, 256, 257, 259, 260, 261, 262, 263, 264, 265, 266, 267, 269], "excluded_lines": [], "start_line": 1}}}, "apps/api/src/nfm_db/api/v1/dft.py": {"executed_lines": [16, 18, 19, 20, 21, 22, 24, 25, 26, 27, 29, 30, 34, 35, 37, 39, 47, 50, 51, 52, 53, 54, 55, 56, 57, 58, 59, 60, 61, 62, 63, 64, 65, 66, 67, 68, 71, 74, 75, 76, 77, 78, 79, 80, 81, 84, 87, 88, 91, 94, 95, 96, 97, 100, 134, 152, 162, 209, 215, 226, 236, 248, 262, 312, 322], "summary": {"covered_lines": 65, "num_statements": 124, "percent_covered": 52.41935483870968, "percent_covered_display": "52", "missing_lines": 59, "excluded_lines": 0, "percent_statements_covered": 52.41935483870968, "percent_statements_covered_display": "52"}, "missing_lines": [101, 135, 173, 174, 176, 177, 178, 179, 180, 181, 182, 183, 184, 185, 186, 187, 189, 192, 195, 197, 220, 221, 222, 223, 241, 242, 243, 244, 245, 273, 274, 276, 277, 278, 283, 284, 285, 290, 292, 293, 294, 297, 298, 300, 301, 302, 305, 306, 308, 309, 326, 328, 329, 330, 331, 336, 337, 338, 340], "excluded_lines": [], "functions": {"_to_response": {"executed_lines": [], "summary": {"covered_lines": 0, "num_statements": 1, "percent_covered": 0.0, "percent_covered_display": "0", "missing_lines": 1, "excluded_lines": 0, "percent_statements_covered": 0.0, "percent_statements_covered_display": "0"}, "missing_lines": [101], "excluded_lines": [], "start_line": 100}, "_import_report_to_response": {"executed_lines": [], "summary": {"covered_lines": 0, "num_statements": 1, "percent_covered": 0.0, "percent_covered_display": "0", "missing_lines": 1, "excluded_lines": 0, "percent_statements_covered": 0.0, "percent_statements_covered_display": "0"}, "missing_lines": [135], "excluded_lines": [], "start_line": 134}, "list_calculations": {"executed_lines": [], "summary": {"covered_lines": 0, "num_statements": 18, "percent_covered": 0.0, "percent_covered_display": "0", "missing_lines": 18, "excluded_lines": 0, "percent_statements_covered": 0.0, "percent_statements_covered_display": "0"}, "missing_lines": [173, 174, 176, 177, 178, 179, 180, 181, 182, 183, 184, 185, 186, 187, 189, 192, 195, 197], "excluded_lines": [], "start_line": 162}, "get_calculation_by_uuid": {"executed_lines": [], "summary": {"covered_lines": 0, "num_statements": 4, "percent_covered": 0.0, "percent_covered_display": "0", "missing_lines": 4, "excluded_lines": 0, "percent_statements_covered": 0.0, "percent_statements_covered_display": "0"}, "missing_lines": [220, 221, 222, 223], "excluded_lines": [], "start_line": 215}, "get_calculation_by_calc_id": {"executed_lines": [], "summary": {"covered_lines": 0, "num_statements": 5, "percent_covered": 0.0, "percent_covered_display": "0", "missing_lines": 5, "excluded_lines": 0, "percent_statements_covered": 0.0, "percent_statements_covered_display": "0"}, "missing_lines": [241, 242, 243, 244, 245], "excluded_lines": [], "start_line": 236}, "import_calculations": {"executed_lines": [], "summary": {"covered_lines": 0, "num_statements": 21, "percent_covered": 0.0, "percent_covered_display": "0", "missing_lines": 21, "excluded_lines": 0, "percent_statements_covered": 0.0, "percent_statements_covered_display": "0"}, "missing_lines": [273, 274, 276, 277, 278, 283, 284, 285, 290, 292, 293, 294, 297, 298, 300, 301, 302, 305, 306, 308, 309], "excluded_lines": [], "start_line": 262}, "stats": {"executed_lines": [], "summary": {"covered_lines": 0, "num_statements": 6, "percent_covered": 0.0, "percent_covered_display": "0", "missing_lines": 6, "excluded_lines": 0, "percent_statements_covered": 0.0, "percent_statements_covered_display": "0"}, "missing_lines": [326, 328, 336, 337, 338, 340], "excluded_lines": [], "start_line": 322}, "stats._bucket": {"executed_lines": [], "summary": {"covered_lines": 0, "num_statements": 3, "percent_covered": 0.0, "percent_covered_display": "0", "missing_lines": 3, "excluded_lines": 0, "percent_statements_covered": 0.0, "percent_statements_covered_display": "0"}, "missing_lines": [329, 330, 331], "excluded_lines": [], "start_line": 328}, "": {"executed_lines": [16, 18, 19, 20, 21, 22, 24, 25, 26, 27, 29, 30, 34, 35, 37, 39, 47, 50, 51, 52, 53, 54, 55, 56, 57, 58, 59, 60, 61, 62, 63, 64, 65, 66, 67, 68, 71, 74, 75, 76, 77, 78, 79, 80, 81, 84, 87, 88, 91, 94, 95, 96, 97, 100, 134, 152, 162, 209, 215, 226, 236, 248, 262, 312, 322], "summary": {"covered_lines": 65, "num_statements": 65, "percent_covered": 100.0, "percent_covered_display": "100", "missing_lines": 0, "excluded_lines": 0, "percent_statements_covered": 100.0, "percent_statements_covered_display": "100"}, "missing_lines": [], "excluded_lines": [], "start_line": 1}}, "classes": {"DFTCalculationResponse": {"executed_lines": [], "summary": {"covered_lines": 0, "num_statements": 0, "percent_covered": 100.0, "percent_covered_display": "100", "missing_lines": 0, "excluded_lines": 0, "percent_statements_covered": 100.0, "percent_statements_covered_display": "100"}, "missing_lines": [], "excluded_lines": [], "start_line": 47}, "DFTImportResponse": {"executed_lines": [], "summary": {"covered_lines": 0, "num_statements": 0, "percent_covered": 100.0, "percent_covered_display": "100", "missing_lines": 0, "excluded_lines": 0, "percent_statements_covered": 100.0, "percent_statements_covered_display": "100"}, "missing_lines": [], "excluded_lines": [], "start_line": 71}, "DFTStatsBucket": {"executed_lines": [], "summary": {"covered_lines": 0, "num_statements": 0, "percent_covered": 100.0, "percent_covered_display": "100", "missing_lines": 0, "excluded_lines": 0, "percent_statements_covered": 100.0, "percent_statements_covered_display": "100"}, "missing_lines": [], "excluded_lines": [], "start_line": 84}, "DFTStatsResponse": {"executed_lines": [], "summary": {"covered_lines": 0, "num_statements": 0, "percent_covered": 100.0, "percent_covered_display": "100", "missing_lines": 0, "excluded_lines": 0, "percent_statements_covered": 100.0, "percent_statements_covered_display": "100"}, "missing_lines": [], "excluded_lines": [], "start_line": 91}, "": {"executed_lines": [16, 18, 19, 20, 21, 22, 24, 25, 26, 27, 29, 30, 34, 35, 37, 39, 47, 50, 51, 52, 53, 54, 55, 56, 57, 58, 59, 60, 61, 62, 63, 64, 65, 66, 67, 68, 71, 74, 75, 76, 77, 78, 79, 80, 81, 84, 87, 88, 91, 94, 95, 96, 97, 100, 134, 152, 162, 209, 215, 226, 236, 248, 262, 312, 322], "summary": {"covered_lines": 65, "num_statements": 124, "percent_covered": 52.41935483870968, "percent_covered_display": "52", "missing_lines": 59, "excluded_lines": 0, "percent_statements_covered": 52.41935483870968, "percent_statements_covered_display": "52"}, "missing_lines": [101, 135, 173, 174, 176, 177, 178, 179, 180, 181, 182, 183, 184, 185, 186, 187, 189, 192, 195, 197, 220, 221, 222, 223, 241, 242, 243, 244, 245, 273, 274, 276, 277, 278, 283, 284, 285, 290, 292, 293, 294, 297, 298, 300, 301, 302, 305, 306, 308, 309, 326, 328, 329, 330, 331, 336, 337, 338, 340], "excluded_lines": [], "start_line": 1}}}, "apps/api/src/nfm_db/api/v1/extraction.py": {"executed_lines": [9, 11, 12, 13, 14, 15, 17, 18, 19, 20, 22, 23, 24, 25, 26, 30, 31, 32, 35, 37, 40, 51, 59, 64, 73, 77, 81, 87, 96, 97, 98, 99, 100, 101, 102, 103, 104, 105, 106, 107, 108, 109, 110, 111, 112, 113, 115, 123, 130, 193, 198, 286, 304, 583, 592], "summary": {"covered_lines": 55, "num_statements": 189, "percent_covered": 29.1005291005291, "percent_covered_display": "29", "missing_lines": 134, "excluded_lines": 0, "percent_statements_covered": 29.1005291005291, "percent_statements_covered_display": "29"}, "missing_lines": [151, 152, 153, 165, 166, 172, 206, 208, 209, 229, 230, 231, 232, 233, 234, 235, 236, 237, 238, 240, 242, 243, 244, 246, 259, 260, 262, 326, 332, 333, 334, 341, 342, 343, 349, 358, 359, 367, 368, 369, 370, 379, 380, 387, 390, 391, 392, 393, 394, 395, 396, 397, 398, 414, 415, 416, 417, 419, 420, 427, 430, 431, 432, 435, 436, 440, 442, 443, 447, 450, 451, 452, 453, 454, 455, 456, 460, 464, 465, 466, 468, 469, 476, 477, 478, 481, 482, 483, 484, 491, 494, 495, 496, 501, 502, 504, 505, 510, 527, 528, 529, 530, 531, 536, 537, 539, 554, 605, 606, 607, 609, 611, 612, 613, 618, 622, 626, 627, 628, 653, 654, 655, 673, 674, 675, 677, 685, 687, 688, 689, 691, 704, 705, 707], "excluded_lines": [], "functions": {"trigger_extraction_job": {"executed_lines": [], "summary": {"covered_lines": 0, "num_statements": 6, "percent_covered": 0.0, "percent_covered_display": "0", "missing_lines": 6, "excluded_lines": 0, "percent_statements_covered": 0.0, "percent_statements_covered_display": "0"}, "missing_lines": [151, 152, 153, 165, 166, 172], "excluded_lines": [], "start_line": 130}, "get_extraction_status": {"executed_lines": [], "summary": {"covered_lines": 0, "num_statements": 21, "percent_covered": 0.0, "percent_covered_display": "0", "missing_lines": 21, "excluded_lines": 0, "percent_statements_covered": 0.0, "percent_statements_covered_display": "0"}, "missing_lines": [206, 208, 209, 229, 230, 231, 232, 233, 234, 235, 236, 237, 238, 240, 242, 243, 244, 246, 259, 260, 262], "excluded_lines": [], "start_line": 198}, "ingest_extraction_batch": {"executed_lines": [], "summary": {"covered_lines": 0, "num_statements": 79, "percent_covered": 0.0, "percent_covered_display": "0", "missing_lines": 79, "excluded_lines": 0, "percent_statements_covered": 0.0, "percent_statements_covered_display": "0"}, "missing_lines": [326, 332, 333, 334, 341, 342, 343, 349, 358, 359, 367, 368, 369, 370, 379, 380, 387, 390, 391, 392, 393, 394, 395, 396, 397, 398, 414, 415, 416, 417, 419, 427, 430, 431, 432, 435, 436, 440, 442, 443, 447, 450, 451, 452, 453, 454, 455, 456, 460, 464, 465, 466, 468, 469, 476, 477, 478, 481, 482, 483, 484, 491, 494, 495, 496, 501, 502, 504, 505, 510, 527, 528, 529, 530, 531, 536, 537, 539, 554], "excluded_lines": [], "start_line": 304}, "ingest_extraction_batch._count_q_for_source": {"executed_lines": [], "summary": {"covered_lines": 0, "num_statements": 1, "percent_covered": 0.0, "percent_covered_display": "0", "missing_lines": 1, "excluded_lines": 0, "percent_statements_covered": 0.0, "percent_statements_covered_display": "0"}, "missing_lines": [420], "excluded_lines": [], "start_line": 419}, "get_ingest_job_status": {"executed_lines": [], "summary": {"covered_lines": 0, "num_statements": 27, "percent_covered": 0.0, "percent_covered_display": "0", "missing_lines": 27, "excluded_lines": 0, "percent_statements_covered": 0.0, "percent_statements_covered_display": "0"}, "missing_lines": [605, 606, 607, 609, 611, 612, 613, 618, 622, 626, 627, 628, 653, 654, 655, 673, 674, 675, 677, 685, 687, 688, 689, 691, 704, 705, 707], "excluded_lines": [], "start_line": 592}, "": {"executed_lines": [9, 11, 12, 13, 14, 15, 17, 18, 19, 20, 22, 23, 24, 25, 26, 30, 31, 32, 35, 37, 40, 51, 59, 64, 73, 77, 81, 87, 96, 97, 98, 99, 100, 101, 102, 103, 104, 105, 106, 107, 108, 109, 110, 111, 112, 113, 115, 123, 130, 193, 198, 286, 304, 583, 592], "summary": {"covered_lines": 55, "num_statements": 55, "percent_covered": 100.0, "percent_covered_display": "100", "missing_lines": 0, "excluded_lines": 0, "percent_statements_covered": 100.0, "percent_statements_covered_display": "100"}, "missing_lines": [], "excluded_lines": [], "start_line": 1}}, "classes": {"ExtractionIngestRequest": {"executed_lines": [], "summary": {"covered_lines": 0, "num_statements": 0, "percent_covered": 100.0, "percent_covered_display": "100", "missing_lines": 0, "excluded_lines": 0, "percent_statements_covered": 100.0, "percent_statements_covered_display": "100"}, "missing_lines": [], "excluded_lines": [], "start_line": 40}, "ExtractionIngestAck": {"executed_lines": [], "summary": {"covered_lines": 0, "num_statements": 0, "percent_covered": 100.0, "percent_covered_display": "100", "missing_lines": 0, "excluded_lines": 0, "percent_statements_covered": 100.0, "percent_statements_covered_display": "100"}, "missing_lines": [], "excluded_lines": [], "start_line": 87}, "": {"executed_lines": [9, 11, 12, 13, 14, 15, 17, 18, 19, 20, 22, 23, 24, 25, 26, 30, 31, 32, 35, 37, 40, 51, 59, 64, 73, 77, 81, 87, 96, 97, 98, 99, 100, 101, 102, 103, 104, 105, 106, 107, 108, 109, 110, 111, 112, 113, 115, 123, 130, 193, 198, 286, 304, 583, 592], "summary": {"covered_lines": 55, "num_statements": 189, "percent_covered": 29.1005291005291, "percent_covered_display": "29", "missing_lines": 134, "excluded_lines": 0, "percent_statements_covered": 29.1005291005291, "percent_statements_covered_display": "29"}, "missing_lines": [151, 152, 153, 165, 166, 172, 206, 208, 209, 229, 230, 231, 232, 233, 234, 235, 236, 237, 238, 240, 242, 243, 244, 246, 259, 260, 262, 326, 332, 333, 334, 341, 342, 343, 349, 358, 359, 367, 368, 369, 370, 379, 380, 387, 390, 391, 392, 393, 394, 395, 396, 397, 398, 414, 415, 416, 417, 419, 420, 427, 430, 431, 432, 435, 436, 440, 442, 443, 447, 450, 451, 452, 453, 454, 455, 456, 460, 464, 465, 466, 468, 469, 476, 477, 478, 481, 482, 483, 484, 491, 494, 495, 496, 501, 502, 504, 505, 510, 527, 528, 529, 530, 531, 536, 537, 539, 554, 605, 606, 607, 609, 611, 612, 613, 618, 622, 626, 627, 628, 653, 654, 655, 673, 674, 675, 677, 685, 687, 688, 689, 691, 704, 705, 707], "excluded_lines": [], "start_line": 1}}}, "apps/api/src/nfm_db/api/v1/extraction_gaps.py": {"executed_lines": [17, 19, 20, 21, 22, 23, 24, 26, 27, 28, 29, 31, 32, 33, 34, 35, 36, 37, 39, 41, 49, 57, 62, 69, 70, 71, 72, 73, 74, 75, 76, 80, 83, 86, 99, 122, 158, 168, 306, 317, 343, 357, 441, 452, 493, 496, 497, 498, 499, 500, 501, 502, 505, 517], "summary": {"covered_lines": 54, "num_statements": 143, "percent_covered": 37.76223776223776, "percent_covered_display": "38", "missing_lines": 89, "excluded_lines": 0, "percent_statements_covered": 37.76223776223776, "percent_statements_covered_display": "38"}, "missing_lines": [110, 111, 112, 113, 114, 115, 119, 131, 215, 216, 217, 226, 227, 228, 229, 230, 231, 233, 237, 244, 245, 255, 258, 259, 262, 269, 273, 274, 275, 276, 283, 285, 288, 289, 323, 325, 326, 327, 335, 372, 373, 374, 382, 384, 385, 393, 394, 395, 404, 405, 406, 407, 409, 413, 415, 416, 417, 425, 433, 465, 466, 467, 468, 473, 533, 535, 536, 545, 553, 554, 563, 564, 566, 567, 578, 579, 581, 582, 583, 584, 585, 586, 587, 588, 589, 590, 592, 594, 596], "excluded_lines": [], "functions": {"_load_gap_or_404": {"executed_lines": [], "summary": {"covered_lines": 0, "num_statements": 7, "percent_covered": 0.0, "percent_covered_display": "0", "missing_lines": 7, "excluded_lines": 0, "percent_statements_covered": 0.0, "percent_statements_covered_display": "0"}, "missing_lines": [110, 111, 112, 113, 114, 115, 119], "excluded_lines": [], "start_line": 99}, "_to_response": {"executed_lines": [], "summary": {"covered_lines": 0, "num_statements": 1, "percent_covered": 0.0, "percent_covered_display": "0", "missing_lines": 1, "excluded_lines": 0, "percent_statements_covered": 0.0, "percent_statements_covered_display": "0"}, "missing_lines": [131], "excluded_lines": [], "start_line": 122}, "list_extraction_gaps": {"executed_lines": [], "summary": {"covered_lines": 0, "num_statements": 26, "percent_covered": 0.0, "percent_covered_display": "0", "missing_lines": 26, "excluded_lines": 0, "percent_statements_covered": 0.0, "percent_statements_covered_display": "0"}, "missing_lines": [215, 216, 217, 226, 227, 228, 229, 230, 231, 233, 237, 244, 245, 255, 258, 259, 262, 269, 273, 274, 275, 276, 283, 285, 288, 289], "excluded_lines": [], "start_line": 168}, "get_extraction_gap": {"executed_lines": [], "summary": {"covered_lines": 0, "num_statements": 5, "percent_covered": 0.0, "percent_covered_display": "0", "missing_lines": 5, "excluded_lines": 0, "percent_statements_covered": 0.0, "percent_statements_covered_display": "0"}, "missing_lines": [323, 325, 326, 327, 335], "excluded_lines": [], "start_line": 317}, "update_extraction_gap_status": {"executed_lines": [], "summary": {"covered_lines": 0, "num_statements": 20, "percent_covered": 0.0, "percent_covered_display": "0", "missing_lines": 20, "excluded_lines": 0, "percent_statements_covered": 0.0, "percent_statements_covered_display": "0"}, "missing_lines": [372, 373, 374, 382, 384, 385, 393, 394, 395, 404, 405, 406, 407, 409, 413, 415, 416, 417, 425, 433], "excluded_lines": [], "start_line": 357}, "get_recall_metrics": {"executed_lines": [], "summary": {"covered_lines": 0, "num_statements": 5, "percent_covered": 0.0, "percent_covered_display": "0", "missing_lines": 5, "excluded_lines": 0, "percent_statements_covered": 0.0, "percent_statements_covered_display": "0"}, "missing_lines": [465, 466, 467, 468, 473], "excluded_lines": [], "start_line": 452}, "get_gap_source_text": {"executed_lines": [], "summary": {"covered_lines": 0, "num_statements": 25, "percent_covered": 0.0, "percent_covered_display": "0", "missing_lines": 25, "excluded_lines": 0, "percent_statements_covered": 0.0, "percent_statements_covered_display": "0"}, "missing_lines": [533, 535, 536, 545, 553, 554, 563, 564, 566, 567, 578, 579, 581, 582, 583, 584, 585, 586, 587, 588, 589, 590, 592, 594, 596], "excluded_lines": [], "start_line": 517}, "": {"executed_lines": [17, 19, 20, 21, 22, 23, 24, 26, 27, 28, 29, 31, 32, 33, 34, 35, 36, 37, 39, 41, 49, 57, 62, 69, 70, 71, 72, 73, 74, 75, 76, 80, 83, 86, 99, 122, 158, 168, 306, 317, 343, 357, 441, 452, 493, 496, 497, 498, 499, 500, 501, 502, 505, 517], "summary": {"covered_lines": 54, "num_statements": 54, "percent_covered": 100.0, "percent_covered_display": "100", "missing_lines": 0, "excluded_lines": 0, "percent_statements_covered": 100.0, "percent_statements_covered_display": "100"}, "missing_lines": [], "excluded_lines": [], "start_line": 1}}, "classes": {"GapStatusUpdateRequest": {"executed_lines": [], "summary": {"covered_lines": 0, "num_statements": 0, "percent_covered": 100.0, "percent_covered_display": "100", "missing_lines": 0, "excluded_lines": 0, "percent_statements_covered": 100.0, "percent_statements_covered_display": "100"}, "missing_lines": [], "excluded_lines": [], "start_line": 49}, "RecallMetricsResponse": {"executed_lines": [], "summary": {"covered_lines": 0, "num_statements": 0, "percent_covered": 100.0, "percent_covered_display": "100", "missing_lines": 0, "excluded_lines": 0, "percent_statements_covered": 100.0, "percent_statements_covered_display": "100"}, "missing_lines": [], "excluded_lines": [], "start_line": 62}, "SourceTextResponse": {"executed_lines": [], "summary": {"covered_lines": 0, "num_statements": 0, "percent_covered": 100.0, "percent_covered_display": "100", "missing_lines": 0, "excluded_lines": 0, "percent_statements_covered": 100.0, "percent_statements_covered_display": "100"}, "missing_lines": [], "excluded_lines": [], "start_line": 493}, "": {"executed_lines": [17, 19, 20, 21, 22, 23, 24, 26, 27, 28, 29, 31, 32, 33, 34, 35, 36, 37, 39, 41, 49, 57, 62, 69, 70, 71, 72, 73, 74, 75, 76, 80, 83, 86, 99, 122, 158, 168, 306, 317, 343, 357, 441, 452, 493, 496, 497, 498, 499, 500, 501, 502, 505, 517], "summary": {"covered_lines": 54, "num_statements": 143, "percent_covered": 37.76223776223776, "percent_covered_display": "38", "missing_lines": 89, "excluded_lines": 0, "percent_statements_covered": 37.76223776223776, "percent_statements_covered_display": "38"}, "missing_lines": [110, 111, 112, 113, 114, 115, 119, 131, 215, 216, 217, 226, 227, 228, 229, 230, 231, 233, 237, 244, 245, 255, 258, 259, 262, 269, 273, 274, 275, 276, 283, 285, 288, 289, 323, 325, 326, 327, 335, 372, 373, 374, 382, 384, 385, 393, 394, 395, 404, 405, 406, 407, 409, 413, 415, 416, 417, 425, 433, 465, 466, 467, 468, 473, 533, 535, 536, 545, 553, 554, 563, 564, 566, 567, 578, 579, 581, 582, 583, 584, 585, 586, 587, 588, 589, 590, 592, 594, 596], "excluded_lines": [], "start_line": 1}}}, "apps/api/src/nfm_db/api/v1/feedback.py": {"executed_lines": [3, 5, 6, 8, 9, 10, 11, 12, 13, 19, 21, 24, 31, 47, 53], "summary": {"covered_lines": 15, "num_statements": 23, "percent_covered": 65.21739130434783, "percent_covered_display": "65", "missing_lines": 8, "excluded_lines": 0, "percent_statements_covered": 65.21739130434783, "percent_statements_covered_display": "65"}, "missing_lines": [39, 41, 72, 73, 75, 83, 84, 86], "excluded_lines": [], "functions": {"submit_feedback": {"executed_lines": [], "summary": {"covered_lines": 0, "num_statements": 2, "percent_covered": 0.0, "percent_covered_display": "0", "missing_lines": 2, "excluded_lines": 0, "percent_statements_covered": 0.0, "percent_statements_covered_display": "0"}, "missing_lines": [39, 41], "excluded_lines": [], "start_line": 31}, "list_feedback_endpoint": {"executed_lines": [], "summary": {"covered_lines": 0, "num_statements": 6, "percent_covered": 0.0, "percent_covered_display": "0", "missing_lines": 6, "excluded_lines": 0, "percent_statements_covered": 0.0, "percent_statements_covered_display": "0"}, "missing_lines": [72, 73, 75, 83, 84, 86], "excluded_lines": [], "start_line": 53}, "": {"executed_lines": [3, 5, 6, 8, 9, 10, 11, 12, 13, 19, 21, 24, 31, 47, 53], "summary": {"covered_lines": 15, "num_statements": 15, "percent_covered": 100.0, "percent_covered_display": "100", "missing_lines": 0, "excluded_lines": 0, "percent_statements_covered": 100.0, "percent_statements_covered_display": "100"}, "missing_lines": [], "excluded_lines": [], "start_line": 1}}, "classes": {"": {"executed_lines": [3, 5, 6, 8, 9, 10, 11, 12, 13, 19, 21, 24, 31, 47, 53], "summary": {"covered_lines": 15, "num_statements": 23, "percent_covered": 65.21739130434783, "percent_covered_display": "65", "missing_lines": 8, "excluded_lines": 0, "percent_statements_covered": 65.21739130434783, "percent_statements_covered_display": "65"}, "missing_lines": [39, 41, 72, 73, 75, 83, 84, 86], "excluded_lines": [], "start_line": 1}}}, "apps/api/src/nfm_db/api/v1/health.py": {"executed_lines": [8, 10, 11, 13, 14, 15, 16, 17, 18, 20, 23, 24, 25, 32, 38, 39, 63, 69, 70], "summary": {"covered_lines": 19, "num_statements": 24, "percent_covered": 79.16666666666667, "percent_covered_display": "79", "missing_lines": 5, "excluded_lines": 0, "percent_statements_covered": 79.16666666666667, "percent_statements_covered_display": "79"}, "missing_lines": [29, 52, 60, 77, 78], "excluded_lines": [], "functions": {"health_check": {"executed_lines": [], "summary": {"covered_lines": 0, "num_statements": 1, "percent_covered": 0.0, "percent_covered_display": "0", "missing_lines": 1, "excluded_lines": 0, "percent_statements_covered": 0.0, "percent_statements_covered_display": "0"}, "missing_lines": [29], "excluded_lines": [], "start_line": 25}, "list_health_alerts": {"executed_lines": [], "summary": {"covered_lines": 0, "num_statements": 2, "percent_covered": 0.0, "percent_covered_display": "0", "missing_lines": 2, "excluded_lines": 0, "percent_statements_covered": 0.0, "percent_statements_covered_display": "0"}, "missing_lines": [52, 60], "excluded_lines": [], "start_line": 39}, "health_alerts_summary": {"executed_lines": [], "summary": {"covered_lines": 0, "num_statements": 2, "percent_covered": 0.0, "percent_covered_display": "0", "missing_lines": 2, "excluded_lines": 0, "percent_statements_covered": 0.0, "percent_statements_covered_display": "0"}, "missing_lines": [77, 78], "excluded_lines": [], "start_line": 70}, "": {"executed_lines": [8, 10, 11, 13, 14, 15, 16, 17, 18, 20, 23, 24, 25, 32, 38, 39, 63, 69, 70], "summary": {"covered_lines": 19, "num_statements": 19, "percent_covered": 100.0, "percent_covered_display": "100", "missing_lines": 0, "excluded_lines": 0, "percent_statements_covered": 100.0, "percent_statements_covered_display": "100"}, "missing_lines": [], "excluded_lines": [], "start_line": 1}}, "classes": {"": {"executed_lines": [8, 10, 11, 13, 14, 15, 16, 17, 18, 20, 23, 24, 25, 32, 38, 39, 63, 69, 70], "summary": {"covered_lines": 19, "num_statements": 24, "percent_covered": 79.16666666666667, "percent_covered_display": "79", "missing_lines": 5, "excluded_lines": 0, "percent_statements_covered": 79.16666666666667, "percent_statements_covered_display": "79"}, "missing_lines": [29, 52, 60, 77, 78], "excluded_lines": [], "start_line": 1}}}, "apps/api/src/nfm_db/api/v1/hub_nodes.py": {"executed_lines": [23, 25, 26, 27, 28, 29, 31, 32, 33, 34, 36, 37, 38, 39, 51, 53, 65, 99, 110, 129, 140, 192, 202, 243, 249, 263, 273, 291, 301, 319, 324, 353, 358, 417, 434, 440, 475, 481, 494], "summary": {"covered_lines": 39, "num_statements": 120, "percent_covered": 32.5, "percent_covered_display": "32", "missing_lines": 81, "excluded_lines": 0, "percent_statements_covered": 32.5, "percent_statements_covered_display": "32"}, "missing_lines": [77, 78, 80, 81, 82, 86, 87, 88, 107, 115, 116, 117, 121, 146, 147, 148, 154, 157, 158, 163, 170, 171, 172, 173, 174, 177, 178, 182, 184, 210, 211, 212, 213, 214, 216, 217, 219, 224, 226, 254, 255, 279, 280, 281, 282, 283, 307, 308, 309, 310, 311, 331, 332, 343, 344, 367, 368, 376, 377, 386, 395, 396, 401, 402, 403, 423, 424, 425, 426, 427, 428, 429, 430, 431, 445, 452, 458, 486, 487, 488, 491], "excluded_lines": [], "functions": {"_require_hub_token": {"executed_lines": [], "summary": {"covered_lines": 0, "num_statements": 8, "percent_covered": 0.0, "percent_covered_display": "0", "missing_lines": 8, "excluded_lines": 0, "percent_statements_covered": 0.0, "percent_statements_covered_display": "0"}, "missing_lines": [77, 78, 80, 81, 82, 86, 87, 88], "excluded_lines": [], "start_line": 65}, "_iso_now": {"executed_lines": [], "summary": {"covered_lines": 0, "num_statements": 1, "percent_covered": 0.0, "percent_covered_display": "0", "missing_lines": 1, "excluded_lines": 0, "percent_statements_covered": 0.0, "percent_statements_covered_display": "0"}, "missing_lines": [107], "excluded_lines": [], "start_line": 99}, "_get_node_or_404": {"executed_lines": [], "summary": {"covered_lines": 0, "num_statements": 4, "percent_covered": 0.0, "percent_covered_display": "0", "missing_lines": 4, "excluded_lines": 0, "percent_statements_covered": 0.0, "percent_statements_covered_display": "0"}, "missing_lines": [115, 116, 117, 121], "excluded_lines": [], "start_line": 110}, "register_node": {"executed_lines": [], "summary": {"covered_lines": 0, "num_statements": 16, "percent_covered": 0.0, "percent_covered_display": "0", "missing_lines": 16, "excluded_lines": 0, "percent_statements_covered": 0.0, "percent_statements_covered_display": "0"}, "missing_lines": [146, 147, 148, 154, 157, 158, 163, 170, 171, 172, 173, 174, 177, 178, 182, 184], "excluded_lines": [], "start_line": 140}, "list_nodes": {"executed_lines": [], "summary": {"covered_lines": 0, "num_statements": 10, "percent_covered": 0.0, "percent_covered_display": "0", "missing_lines": 10, "excluded_lines": 0, "percent_statements_covered": 0.0, "percent_statements_covered_display": "0"}, "missing_lines": [210, 211, 212, 213, 214, 216, 217, 219, 224, 226], "excluded_lines": [], "start_line": 202}, "get_node": {"executed_lines": [], "summary": {"covered_lines": 0, "num_statements": 2, "percent_covered": 0.0, "percent_covered_display": "0", "missing_lines": 2, "excluded_lines": 0, "percent_statements_covered": 0.0, "percent_statements_covered_display": "0"}, "missing_lines": [254, 255], "excluded_lines": [], "start_line": 249}, "update_node_status": {"executed_lines": [], "summary": {"covered_lines": 0, "num_statements": 5, "percent_covered": 0.0, "percent_covered_display": "0", "missing_lines": 5, "excluded_lines": 0, "percent_statements_covered": 0.0, "percent_statements_covered_display": "0"}, "missing_lines": [279, 280, 281, 282, 283], "excluded_lines": [], "start_line": 273}, "receive_heartbeat": {"executed_lines": [], "summary": {"covered_lines": 0, "num_statements": 5, "percent_covered": 0.0, "percent_covered_display": "0", "missing_lines": 5, "excluded_lines": 0, "percent_statements_covered": 0.0, "percent_statements_covered_display": "0"}, "missing_lines": [307, 308, 309, 310, 311], "excluded_lines": [], "start_line": 301}, "fetch_sync_data": {"executed_lines": [], "summary": {"covered_lines": 0, "num_statements": 4, "percent_covered": 0.0, "percent_covered_display": "0", "missing_lines": 4, "excluded_lines": 0, "percent_statements_covered": 0.0, "percent_statements_covered_display": "0"}, "missing_lines": [331, 332, 343, 344], "excluded_lines": [], "start_line": 324}, "push_sync_data": {"executed_lines": [], "summary": {"covered_lines": 0, "num_statements": 10, "percent_covered": 0.0, "percent_covered_display": "0", "missing_lines": 10, "excluded_lines": 0, "percent_statements_covered": 0.0, "percent_statements_covered_display": "0"}, "missing_lines": [367, 368, 376, 377, 386, 395, 396, 401, 402, 403], "excluded_lines": [], "start_line": 358}, "_derive_sync_status": {"executed_lines": [], "summary": {"covered_lines": 0, "num_statements": 9, "percent_covered": 0.0, "percent_covered_display": "0", "missing_lines": 9, "excluded_lines": 0, "percent_statements_covered": 0.0, "percent_statements_covered_display": "0"}, "missing_lines": [423, 424, 425, 426, 427, 428, 429, 430, 431], "excluded_lines": [], "start_line": 417}, "get_node_sync_stats": {"executed_li
[...]
 "100"}, "missing_lines": [], "excluded_lines": [], "start_line": 544}, "TestTriggerExtraction.test_successful_pipeline_with_empty_results": {"executed_lines": [560, 561, 563, 573, 574, 577, 582, 583, 585], "summary": {"covered_lines": 9, "num_statements": 9, "percent_covered": 100.0, "percent_covered_display": "100", "missing_lines": 0, "excluded_lines": 0, "percent_statements_covered": 100.0, "percent_statements_covered_display": "100"}, "missing_lines": [], "excluded_lines": [], "start_line": 558}, "TestTriggerExtraction.test_pipeline_failure_sets_failed_status": {"executed_lines": [590, 591, 593, 603, 604, 607, 612, 613, 614], "summary": {"covered_lines": 9, "num_statements": 9, "percent_covered": 100.0, "percent_covered_display": "100", "missing_lines": 0, "excluded_lines": 0, "percent_statements_covered": 100.0, "percent_statements_covered_display": "100"}, "missing_lines": [], "excluded_lines": [], "start_line": 588}, "TestTriggerExtraction.test_pipeline_with_results_and_no_accepted": {"executed_lines": [619, 620, 622, 623, 631, 635, 644, 650, 651, 652], "summary": {"covered_lines": 10, "num_statements": 10, "percent_covered": 100.0, "percent_covered_display": "100", "missing_lines": 0, "excluded_lines": 0, "percent_statements_covered": 100.0, "percent_statements_covered_display": "100"}, "missing_lines": [], "excluded_lines": [], "start_line": 617}, "TestTriggerExtraction.test_pipeline_with_accepted_results": {"executed_lines": [657, 658, 660, 661, 662, 669, 671, 672, 674, 685, 696, 701, 702, 703], "summary": {"covered_lines": 14, "num_statements": 14, "percent_covered": 100.0, "percent_covered_display": "100", "missing_lines": 0, "excluded_lines": 0, "percent_statements_covered": 100.0, "percent_statements_covered_display": "100"}, "missing_lines": [], "excluded_lines": [], "start_line": 655}, "TestTriggerExtraction.test_pipeline_gap_scan_failure_is_non_fatal": {"executed_lines": [708, 709, 711, 712, 719, 721, 722, 724, 735, 746, 752, 753], "summary": {"covered_lines": 12, "num_statements": 12, "percent_covered": 100.0, "percent_covered_display": "100", "missing_lines": 0, "excluded_lines": 0, "percent_statements_covered": 100.0, "percent_statements_covered_display": "100"}, "missing_lines": [], "excluded_lines": [], "start_line": 706}, "TestTriggerExtraction.test_pipeline_partial_when_rejected_exist": {"executed_lines": [759, 760, 762, 763, 770, 772, 773, 775, 786, 797, 802, 803, 804], "summary": {"covered_lines": 13, "num_statements": 13, "percent_covered": 100.0, "percent_covered_display": "100", "missing_lines": 0, "excluded_lines": 0, "percent_statements_covered": 100.0, "percent_statements_covered_display": "100"}, "missing_lines": [], "excluded_lines": [], "start_line": 757}, "TestTriggerExtraction.test_pipeline_stores_job_in_store": {"executed_lines": [809, 810, 812, 816, 821, 822], "summary": {"covered_lines": 6, "num_statements": 6, "percent_covered": 100.0, "percent_covered_display": "100", "missing_lines": 0, "excluded_lines": 0, "percent_statements_covered": 100.0, "percent_statements_covered_display": "100"}, "missing_lines": [], "excluded_lines": [], "start_line": 807}, "TestTriggerExtraction.test_duplicates_tracked_separately_from_rejected": {"executed_lines": [828, 829, 831, 832, 839, 841, 842, 844, 855, 866, 871, 872], "summary": {"covered_lines": 12, "num_statements": 13, "percent_covered": 92.3076923076923, "percent_covered_display": "92", "missing_lines": 1, "excluded_lines": 0, "percent_statements_covered": 92.3076923076923, "percent_statements_covered_display": "92"}, "missing_lines": [873], "excluded_lines": [], "start_line": 826}, "TestTriggerExtraction.test_no_duplicates_yields_zero_duplicate_count": {"executed_lines": [879, 880, 882, 883, 884, 891, 893, 894, 896, 907, 918, 923, 924, 925], "summary": {"covered_lines": 14, "num_statements": 14, "percent_covered": 100.0, "percent_covered_display": "100", "missing_lines": 0, "excluded_lines": 0, "percent_statements_covered": 100.0, "percent_statements_covered_display": "100"}, "missing_lines": [], "excluded_lines": [], "start_line": 877}, "TestTriggerExtraction.test_total_accounts_for_staged_rejected_and_duplicates": {"executed_lines": [931, 932, 934, 935, 942, 944, 945, 947, 959, 970, 975], "summary": {"covered_lines": 11, "num_statements": 13, "percent_covered": 84.61538461538461, "percent_covered_display": "85", "missing_lines": 2, "excluded_lines": 0, "percent_statements_covered": 84.61538461538461, "percent_statements_covered_display": "85"}, "missing_lines": [976, 977], "excluded_lines": [], "start_line": 929}, "TestGetLatestPublishedOntology.test_returns_none_when_no_published_ontology": {"executed_lines": [991, 992, 993, 994, 995, 996, 998, 999], "summary": {"covered_lines": 8, "num_statements": 8, "percent_covered": 100.0, "percent_covered_display": "100", "missing_lines": 0, "excluded_lines": 0, "percent_statements_covered": 100.0, "percent_statements_covered_display": "100"}, "missing_lines": [], "excluded_lines": [], "start_line": 989}, "TestGetLatestPublishedOntology.test_returns_latest_published_ontology": {"executed_lines": [1004, 1005, 1006, 1007, 1008, 1009, 1013, 1014, 1015, 1016, 1017, 1019, 1020, 1021], "summary": {"covered_lines": 14, "num_statements": 14, "percent_covered": 100.0, "percent_covered_display": "100", "missing_lines": 0, "excluded_lines": 0, "percent_statements_covered": 100.0, "percent_statements_covered_display": "100"}, "missing_lines": [], "excluded_lines": [], "start_line": 1002}, "TestOntologyPromptInPipeline.test_uses_ontology_prompt_when_published_version_exists": {"executed_lines": [1032, 1033, 1034, 1035, 1036, 1037, 1041, 1042, 1043, 1044, 1045, 1047, 1048, 1050, 1064, 1066, 1072, 1073, 1074, 1075], "summary": {"covered_lines": 20, "num_statements": 20, "percent_covered": 100.0, "percent_covered_display": "100", "missing_lines": 0, "excluded_lines": 0, "percent_statements_covered": 100.0, "percent_statements_covered_display": "100"}, "missing_lines": [], "excluded_lines": [], "start_line": 1028}, "TestOntologyPromptInPipeline.test_falls_back_to_static_prompt_when_no_ontology_published": {"executed_lines": [1082, 1083, 1084, 1085, 1086, 1087, 1089, 1091, 1101, 1103, 1109, 1110, 1111], "summary": {"covered_lines": 13, "num_statements": 13, "percent_covered": 100.0, "percent_covered_display": "100", "missing_lines": 0, "excluded_lines": 0, "percent_statements_covered": 100.0, "percent_statements_covered_display": "100"}, "missing_lines": [], "excluded_lines": [], "start_line": 1078}, "TestOntologyPromptInPipeline.test_pipeline_skips_ontology_query_when_db_is_none": {"executed_lines": [1116, 1118, 1128, 1130, 1136, 1137, 1138], "summary": {"covered_lines": 7, "num_statements": 7, "percent_covered": 100.0, "percent_covered_display": "100", "missing_lines": 0, "excluded_lines": 0, "percent_statements_covered": 100.0, "percent_statements_covered_display": "100"}, "missing_lines": [], "excluded_lines": [], "start_line": 1114}, "TestOntologyJobProvenance.test_trigger_sets_ontology_provenance_when_published": {"executed_lines": [1149, 1150, 1151, 1153, 1154, 1155, 1156, 1157, 1158, 1159, 1160, 1161, 1163, 1173, 1174, 1177, 1182, 1183], "summary": {"covered_lines": 18, "num_statements": 18, "percent_covered": 100.0, "percent_covered_display": "100", "missing_lines": 0, "excluded_lines": 0, "percent_statements_covered": 100.0, "percent_statements_covered_display": "100"}, "missing_lines": [], "excluded_lines": [], "start_line": 1145}, "TestOntologyJobProvenance.test_trigger_ontology_provenance_none_when_not_published": {"executed_lines": [1190, 1191, 1192, 1193, 1194, 1195, 1196, 1198, 1208, 1209, 1212, 1217, 1218], "summary": {"covered_lines": 13, "num_statements": 13, "percent_covered": 100.0, "percent_covered_display": "100", "missing_lines": 0, "excluded_lines": 0, "percent_statements_covered": 100.0, "percent_statements_covered_display": "100"}, "missing_lines": [], "excluded_lines": [], "start_line": 1186}, "_FakeV2Orchestrator.__init__": {"executed_lines": [1237, 1238, 1239], "summary": {"covered_lines": 3, "num_statements": 3, "percent_covered": 100.0, "percent_covered_display": "100", "missing_lines": 0, "excluded_lines": 0, "percent_statements_covered": 100.0, "percent_statements_covered_display": "100"}, "missing_lines": [], "excluded_lines": [], "start_line": 1236}, "_FakeV2Orchestrator.run": {"executed_lines": [1242], "summary": {"covered_lines": 1, "num_statements": 1, "percent_covered": 100.0, "percent_covered_display": "100", "missing_lines": 0, "excluded_lines": 0, "percent_statements_covered": 100.0, "percent_statements_covered_display": "100"}, "missing_lines": [], "excluded_lines": [], "start_line": 1241}, "TestV2PathOntologyProvenanceOnORM._reset_captured_jobs": {"executed_lines": [1266], "summary": {"covered_lines": 1, "num_statements": 1, "percent_covered": 100.0, "percent_covered_display": "100", "missing_lines": 0, "excluded_lines": 0, "percent_statements_covered": 100.0, "percent_statements_covered_display": "100"}, "missing_lines": [], "excluded_lines": [], "start_line": 1265}, "TestV2PathOntologyProvenanceOnORM.test_v2_orm_job_populates_ontology_when_published": {"executed_lines": [1271, 1272, 1273, 1276, 1277, 1279, 1280, 1281, 1282, 1283, 1284, 1285, 1286, 1288, 1289, 1291, 1301, 1307, 1310, 1311, 1312], "summary": {"covered_lines": 21, "num_statements": 21, "percent_covered": 100.0, "percent_covered_display": "100", "missing_lines": 0, "excluded_lines": 0, "percent_statements_covered": 100.0, "percent_statements_covered_display": "100"}, "missing_lines": [], "excluded_lines": [], "start_line": 1269}, "TestV2PathOntologyProvenanceOnORM.test_v2_orm_job_ontology_none_when_not_published": {"executed_lines": [1317, 1318, 1319, 1321, 1323, 1324, 1325, 1326, 1327, 1329, 1330, 1332, 1342, 1348, 1349, 1350, 1351], "summary": {"covered_lines": 17, "num_statements": 17, "percent_covered": 100.0, "percent_covered_display": "100", "missing_lines": 0, "excluded_lines": 0, "percent_statements_covered": 100.0, "percent_statements_covered_display": "100"}, "missing_lines": [], "excluded_lines": [], "start_line": 1315}, "": {"executed_lines": [16, 18, 19, 20, 21, 22, 24, 26, 48, 49, 60, 63, 67, 71, 75, 79, 83, 87, 97, 100, 108, 112, 125, 128, 132, 136, 140, 144, 148, 152, 158, 164, 175, 178, 182, 183, 190, 194, 199, 203, 216, 219, 224, 238, 243, 251, 262, 265, 270, 275, 280, 285, 292, 296, 312, 315, 316, 326, 327, 335, 336, 356, 357, 382, 383, 406, 407, 430, 431, 450, 453, 459, 464, 469, 474, 479, 485, 489, 512, 515, 539, 544, 554, 557, 558, 587, 588, 616, 617, 654, 655, 705, 706, 755, 756, 757, 806, 807, 824, 825, 826, 875, 876, 877, 927, 928, 929, 985, 988, 989, 1001, 1002, 1024, 1027, 1028, 1077, 1078, 1113, 1114, 1141, 1144, 1145, 1185, 1186, 1226, 1234, 1236, 1241, 1245, 1264, 1265, 1268, 1269, 1314, 1315], "summary": {"covered_lines": 135, "num_statements": 135, "percent_covered": 100.0, "percent_covered_display": "100", "missing_lines": 0, "excluded_lines": 0, "percent_statements_covered": 100.0, "percent_statements_covered_display": "100"}, "missing_lines": [], "excluded_lines": [], "start_line": 1}}, "classes": {"TestIsStubMode": {"executed_lines": [64, 65, 68, 69, 72, 73, 76, 77, 80, 81, 84, 85, 88, 89], "summary": {"covered_lines": 14, "num_statements": 14, "percent_covered": 100.0, "percent_covered_display": "100", "missing_lines": 0, "excluded_lines": 0, "percent_statements_covered": 100.0, "percent_statements_covered_display": "100"}, "missing_lines": [], "excluded_lines": [], "start_line": 60}, "TestLoadSourceContent": {"executed_lines": [101, 102, 104, 105, 106, 109, 110, 113, 114, 116, 117], "summary": {"covered_lines": 11, "num_statements": 11, "percent_covered": 100.0, "percent_covered_display": "100", "missing_lines": 0, "excluded_lines": 0, "percent_statements_covered": 100.0, "percent_statements_covered_display": "100"}, "missing_lines": [], "excluded_lines": [], "start_line": 97}, "TestStubExtractionResults": {"executed_lines": [129, 130, 133, 134, 137, 138, 141, 142, 145, 146, 149, 150, 153, 154, 155, 156, 159, 160, 161, 162, 165, 166, 167], "summary": {"covered_lines": 23, "num_statements": 23, "percent_covered": 100.0, "percent_covered_display": "100", "missing_lines": 0, "excluded_lines": 0, "percent_statements_covered": 100.0, "percent_statements_covered_display": "100"}, "missing_lines": [], "excluded_lines": [], "start_line": 125}, "TestExtractionJob": {"executed_lines": [179, 180, 184, 185, 186, 187, 188, 191, 192, 195, 196, 197, 200, 201, 204, 205, 206, 207, 208], "summary": {"covered_lines": 19, "num_statements": 19, "percent_covered": 100.0, "percent_covered_display": "100", "missing_lines": 0, "excluded_lines": 0, "percent_statements_covered": 100.0, "percent_statements_covered_display": "100"}, "missing_lines": [], "excluded_lines": [], "start_line": 175}, "TestUpdateJob": {"executed_lines": [220, 221, 222, 225, 226, 233, 234, 235, 236, 239, 240, 241, 244, 246, 247, 248, 249, 252, 253, 254], "summary": {"covered_lines": 20, "num_statements": 20, "percent_covered": 100.0, "percent_covered_display": "100", "missing_lines": 0, "excluded_lines": 0, "percent_statements_covered": 100.0, "percent_statements_covered_display": "100"}, "missing_lines": [], "excluded_lines": [], "start_line": 216}, "TestPostProcessExtracted": {"executed_lines": [266, 267, 268, 271, 272, 273, 276, 277, 278, 281, 282, 283, 286, 287, 288, 289, 290, 293, 294, 297, 301, 302, 303, 304], "summary": {"covered_lines": 24, "num_statements": 24, "percent_covered": 100.0, "percent_covered_display": "100", "missing_lines": 0, "excluded_lines": 0, "percent_statements_covered": 100.0, "percent_statements_covered_display": "100"}, "missing_lines": [], "excluded_lines": [], "start_line": 262}, "TestOntoFuelExtractLLMFallback": {"executed_lines": [317, 321, 323, 324, 328, 332, 333, 338, 353, 354, 359, 362, 378, 379, 380, 385, 386, 402, 403, 404, 409, 410, 426, 427, 428, 433, 441, 442], "summary": {"covered_lines": 28, "num_statements": 28, "percent_covered": 100.0, "percent_covered_display": "100", "missing_lines": 0, "excluded_lines": 0, "percent_statements_covered": 100.0, "percent_statements_covered_display": "100"}, "missing_lines": [], "excluded_lines": [], "start_line": 312}, "TestApplyPropertyMapping": {"executed_lines": [454, 455, 456, 457, 460, 461, 462, 465, 466, 467, 470, 471, 472, 475, 476, 477, 480, 481, 482, 483, 486, 487, 490, 491, 492, 493, 494, 496, 497, 499, 500, 501, 502, 504], "summary": {"covered_lines": 34, "num_statements": 34, "percent_covered": 100.0, "percent_covered_display": "100", "missing_lines": 0, "excluded_lines": 0, "percent_statements_covered": 100.0, "percent_statements_covered_display": "100"}, "missing_lines": [], "excluded_lines": [], "start_line": 450}, "TestFindMatching": {"executed_lines": [516, 526, 528, 535, 536, 537, 540, 541, 542, 545, 546], "summary": {"covered_lines": 11, "num_statements": 11, "percent_covered": 100.0, "percent_covered_display": "100", "missing_lines": 0, "excluded_lines": 0, "percent_statements_covered": 100.0, "percent_statements_covered_display": "100"}, "missing_lines": [], "excluded_lines": [], "start_line": 512}, "TestTriggerExtraction": {"executed_lines": [560, 561, 563, 573, 574, 577, 582, 583, 585, 590, 591, 593, 603, 604, 607, 612, 613, 614, 619, 620, 622, 623, 631, 635, 644, 650, 651, 652, 657, 658, 660, 661, 662, 669, 671, 672, 674, 685, 696, 701, 702, 703, 708, 709, 711, 712, 719, 721, 722, 724, 735, 746, 752, 753, 759, 760, 762, 763, 770, 772, 773, 775, 786, 797, 802, 803, 804, 809, 810, 812, 816, 821, 822, 828, 829, 831, 832, 839, 841, 842, 844, 855, 866, 871, 872, 879, 880, 882, 883, 884, 891, 893, 894, 896, 907, 918, 923, 924, 925, 931, 932, 934, 935, 942, 944, 945, 947, 959, 970, 975], "summary": {"covered_lines": 110, "num_statements": 113, "percent_covered": 97.34513274336283, "percent_covered_display": "97", "missing_lines": 3, "excluded_lines": 0, "percent_statements_covered": 97.34513274336283, "percent_statements_covered_display": "97"}, "missing_lines": [873, 976, 977], "excluded_lines": [], "start_line": 554}, "TestGetLatestPublishedOntology": {"executed_lines": [991, 992, 993, 994, 995, 996, 998, 999, 1004, 1005, 1006, 1007, 1008, 1009, 1013, 1014, 1015, 1016, 1017, 1019, 1020, 1021], "summary": {"covered_lines": 22, "num_statements": 22, "percent_covered": 100.0, "percent_covered_display": "100", "missing_lines": 0, "excluded_lines": 0, "percent_statements_covered": 100.0, "percent_statements_covered_display": "100"}, "missing_lines": [], "excluded_lines": [], "start_line": 985}, "TestOntologyPromptInPipeline": {"executed_lines": [1032, 1033, 1034, 1035, 1036, 1037, 1041, 1042, 1043, 1044, 1045, 1047, 1048, 1050, 1064, 1066, 1072, 1073, 1074, 1075, 1082, 1083, 1084, 1085, 1086, 1087, 1089, 1091, 1101, 1103, 1109, 1110, 1111, 1116, 1118, 1128, 1130, 1136, 1137, 1138], "summary": {"covered_lines": 40, "num_statements": 40, "percent_covered": 100.0, "percent_covered_display": "100", "missing_lines": 0, "excluded_lines": 0, "percent_statements_covered": 100.0, "percent_statements_covered_display": "100"}, "missing_lines": [], "excluded_lines": [], "start_line": 1024}, "TestOntologyJobProvenance": {"executed_lines": [1149, 1150, 1151, 1153, 1154, 1155, 1156, 1157, 1158, 1159, 1160, 1161, 1163, 1173, 1174, 1177, 1182, 1183, 1190, 1191, 1192, 1193, 1194, 1195, 1196, 1198, 1208, 1209, 1212, 1217, 1218], "summary": {"covered_lines": 31, "num_statements": 31, "percent_covered": 100.0, "percent_covered_display": "100", "missing_lines": 0, "excluded_lines": 0, "percent_statements_covered": 100.0, "percent_statements_covered_display": "100"}, "missing_lines": [], "excluded_lines": [], "start_line": 1141}, "_FakeV2Orchestrator": {"executed_lines": [1237, 1238, 1239, 1242], "summary": {"covered_lines": 4, "num_statements": 4, "percent_covered": 100.0, "percent_covered_display": "100", "missing_lines": 0, "excluded_lines": 0, "percent_statements_covered": 100.0, "percent_statements_covered_display": "100"}, "missing_lines": [], "excluded_lines": [], "start_line": 1226}, "TestV2PathOntologyProvenanceOnORM": {"executed_lines": [1266, 1271, 1272, 1273, 1276, 1277, 1279, 1280, 1281, 1282, 1283, 1284, 1285, 1286, 1288, 1289, 1291, 1301, 1307, 1310, 1311, 1312, 1317, 1318, 1319, 1321, 1323, 1324, 1325, 1326, 1327, 1329, 1330, 1332, 1342, 1348, 1349, 1350, 1351], "summary": {"covered_lines": 39, "num_statements": 39, "percent_covered": 100.0, "percent_covered_display": "100", "missing_lines": 0, "excluded_lines": 0, "percent_statements_covered": 100.0, "percent_statements_covered_display": "100"}, "missing_lines": [], "excluded_lines": [], "start_line": 1245}, "": {"executed_lines": [16, 18, 19, 20, 21, 22, 24, 26, 48, 49, 50, 51, 52, 60, 63, 67, 71, 75, 79, 83, 87, 97, 100, 108, 112, 125, 128, 132, 136, 140, 144, 148, 152, 158, 164, 175, 178, 182, 183, 190, 194, 199, 203, 216, 219, 224, 238, 243, 251, 262, 265, 270, 275, 280, 285, 292, 296, 312, 315, 316, 326, 327, 335, 336, 356, 357, 382, 383, 406, 407, 430, 431, 450, 453, 459, 464, 469, 474, 479, 485, 489, 512, 515, 539, 544, 554, 557, 558, 587, 588, 616, 617, 654, 655, 705, 706, 755, 756, 757, 806, 807, 824, 825, 826, 875, 876, 877, 927, 928, 929, 985, 988, 989, 1001, 1002, 1024, 1027, 1028, 1077, 1078, 1113, 1114, 1141, 1144, 1145, 1185, 1186, 1226, 1234, 1236, 1241, 1245, 1264, 1265, 1268, 1269, 1314, 1315], "summary": {"covered_lines": 138, "num_statements": 138, "percent_covered": 100.0, "percent_covered_display": "100", "missing_lines": 0, "excluded_lines": 0, "percent_statements_covered": 100.0, "percent_statements_covered_display": "100"}, "missing_lines": [], "excluded_lines": [], "start_line": 1}}}}, "totals": {"covered_lines": 8311, "num_statements": 15488, "percent_covered": 53.66089876033058, "percent_covered_display": "54", "missing_lines": 7177, "excluded_lines": 63, "percent_statements_covered": 53.66089876033058, "percent_statements_covered_display": "54"}}